{"/Users/som_ramnani/Projects/job-tracker/client/src/components/Navbar/Navbar.jsx": {"path":"/Users/som_ramnani/Projects/job-tracker/client/src/components/Navbar/Navbar.jsx","statementMap":{"0":{"start":{"line":7,"column":15},"end":{"line":62,"column":1}},"1":{"start":{"line":8,"column":33},"end":{"line":8,"column":42}},"2":{"start":{"line":9,"column":19},"end":{"line":12,"column":3}},"3":{"start":{"line":14,"column":2},"end":{"line":61,"column":4}},"4":{"start":{"line":44,"column":14},"end":{"line":46,"column":29}}},"fnMap":{"0":{"name":"(anonymous_0)","decl":{"start":{"line":7,"column":15},"end":{"line":7,"column":16}},"loc":{"start":{"line":7,"column":21},"end":{"line":62,"column":1}},"line":7},"1":{"name":"(anonymous_1)","decl":{"start":{"line":43,"column":26},"end":{"line":43,"column":27}},"loc":{"start":{"line":44,"column":14},"end":{"line":46,"column":29}},"line":44}},"branchMap":{"0":{"loc":{"start":{"line":48,"column":13},"end":{"line":56,"column":13}},"type":"cond-expr","locations":[{"start":{"line":49,"column":14},"end":{"line":51,"column":29}},{"start":{"line":53,"column":14},"end":{"line":55,"column":29}}],"line":48}},"s":{"0":1,"1":1,"2":1,"3":1,"4":2},"f":{"0":1,"1":2},"b":{"0":[0,1]},"_coverageSchema":"1a1c01bbd47fc00a2c39e90264f33305004495a9","hash":"93279ae2fb75714c947d0130a11f4a81c37e4d18"}
,"/Users/som_ramnani/Projects/job-tracker/client/src/components/Navbar/navbarStyles.js": {"path":"/Users/som_ramnani/Projects/job-tracker/client/src/components/Navbar/navbarStyles.js","statementMap":{"0":{"start":{"line":4,"column":20},"end":{"line":12,"column":3}},"1":{"start":{"line":4,"column":51},"end":{"line":12,"column":1}},"2":{"start":{"line":14,"column":27},"end":{"line":21,"column":3}},"3":{"start":{"line":14,"column":61},"end":{"line":21,"column":1}},"4":{"start":{"line":23,"column":28},"end":{"line":27,"column":3}},"5":{"start":{"line":23,"column":59},"end":{"line":27,"column":1}}},"fnMap":{"0":{"name":"(anonymous_0)","decl":{"start":{"line":4,"column":35},"end":{"line":4,"column":36}},"loc":{"start":{"line":4,"column":51},"end":{"line":12,"column":1}},"line":4},"1":{"name":"(anonymous_1)","decl":{"start":{"line":14,"column":45},"end":{"line":14,"column":46}},"loc":{"start":{"line":14,"column":61},"end":{"line":21,"column":1}},"line":14},"2":{"name":"(anonymous_2)","decl":{"start":{"line":23,"column":43},"end":{"line":23,"column":44}},"loc":{"start":{"line":23,"column":59},"end":{"line":27,"column":1}},"line":23}},"branchMap":{},"s":{"0":1,"1":1,"2":1,"3":1,"4":1,"5":3},"f":{"0":1,"1":1,"2":3},"b":{},"_coverageSchema":"1a1c01bbd47fc00a2c39e90264f33305004495a9","hash":"d596d6cc0669919ccbbcf152fab6bc6e1832d2c4"}
}
