{"/Users/som_ramnani/Projects/job-tracker/client/src/components/index.js": {"path":"/Users/som_ramnani/Projects/job-tracker/client/src/components/index.js","statementMap":{},"fnMap":{},"branchMap":{},"s":{},"f":{},"b":{},"_coverageSchema":"1a1c01bbd47fc00a2c39e90264f33305004495a9","hash":"e5d0b47b18a96437336a2c84eee970076b2f7da5"}
,"/Users/som_ramnani/Projects/job-tracker/client/src/components/ErrorMessage/index.jsx": {"path":"/Users/som_ramnani/Projects/job-tracker/client/src/components/ErrorMessage/index.jsx","statementMap":{"0":{"start":{"line":3,"column":21},"end":{"line":20,"column":1}},"1":{"start":{"line":4,"column":2},"end":{"line":4,"column":36}},"2":{"start":{"line":4,"column":24},"end":{"line":4,"column":36}},"3":{"start":{"line":6,"column":2},"end":{"line":19,"column":4}}},"fnMap":{"0":{"name":"(anonymous_0)","decl":{"start":{"line":3,"column":21},"end":{"line":3,"column":22}},"loc":{"start":{"line":3,"column":57},"end":{"line":20,"column":1}},"line":3}},"branchMap":{"0":{"loc":{"start":{"line":4,"column":2},"end":{"line":4,"column":36}},"type":"if","locations":[{"start":{"line":4,"column":2},"end":{"line":4,"column":36}},{"start":{},"end":{}}],"line":4}},"s":{"0":1,"1":0,"2":0,"3":0},"f":{"0":0},"b":{"0":[0,0]},"_coverageSchema":"1a1c01bbd47fc00a2c39e90264f33305004495a9","hash":"6ed69a8a01d273b7932361989e6ef52dd7b17389"}
,"/Users/som_ramnani/Projects/job-tracker/client/src/components/Form/Form.jsx": {"path":"/Users/som_ramnani/Projects/job-tracker/client/src/components/Form/Form.jsx","statementMap":{"0":{"start":{"line":21,"column":13},"end":{"line":273,"column":1}},"1":{"start":{"line":22,"column":19},"end":{"line":22,"column":28}},"2":{"start":{"line":23,"column":27},"end":{"line":23,"column":40}},"3":{"start":{"line":24,"column":34},"end":{"line":31,"column":4}},"4":{"start":{"line":33,"column":48},"end":{"line":33,"column":63}},"5":{"start":{"line":34,"column":48},"end":{"line":34,"column":63}},"6":{"start":{"line":35,"column":32},"end":{"line":35,"column":47}},"7":{"start":{"line":36,"column":48},"end":{"line":36,"column":63}},"8":{"start":{"line":37,"column":46},"end":{"line":37,"column":61}},"9":{"start":{"line":39,"column":20},"end":{"line":39,"column":52}},"10":{"start":{"line":40,"column":23},"end":{"line":40,"column":44}},"11":{"start":{"line":42,"column":25},"end":{"line":67,"column":3}},"12":{"start":{"line":43,"column":4},"end":{"line":43,"column":21}},"13":{"start":{"line":45,"column":4},"end":{"line":66,"column":9}},"14":{"start":{"line":48,"column":8},"end":{"line":57,"column":9}},"15":{"start":{"line":49,"column":10},"end":{"line":53,"column":14}},"16":{"start":{"line":49,"column":33},"end":{"line":53,"column":11}},"17":{"start":{"line":54,"column":10},"end":{"line":54,"column":52}},"18":{"start":{"line":55,"column":10},"end":{"line":55,"column":57}},"19":{"start":{"line":56,"column":10},"end":{"line":56,"column":54}},"20":{"start":{"line":60,"column":8},"end":{"line":60,"column":57}},"21":{"start":{"line":61,"column":8},"end":{"line":61,"column":33}},"22":{"start":{"line":62,"column":8},"end":{"line":62,"column":33}},"23":{"start":{"line":65,"column":8},"end":{"line":65,"column":26}},"24":{"start":{"line":69,"column":28},"end":{"line":94,"column":3}},"25":{"start":{"line":70,"column":4},"end":{"line":70,"column":29}},"26":{"start":{"line":72,"column":29},"end":{"line":76,"column":5}},"27":{"start":{"line":78,"column":27},"end":{"line":78,"column":51}},"28":{"start":{"line":79,"column":26},"end":{"line":79,"column":28}},"29":{"start":{"line":81,"column":4},"end":{"line":86,"column":5}},"30":{"start":{"line":82,"column":6},"end":{"line":85,"column":7}},"31":{"start":{"line":82,"column":37},"end":{"line":82,"column":69}},"32":{"start":{"line":83,"column":8},"end":{"line":83,"column":35}},"33":{"start":{"line":84,"column":8},"end":{"line":84,"column":14}},"34":{"start":{"line":88,"column":4},"end":{"line":91,"column":8}},"35":{"start":{"line":88,"column":27},"end":{"line":91,"column":5}},"36":{"start":{"line":93,"column":4},"end":{"line":93,"column":30}},"37":{"start":{"line":96,"column":23},"end":{"line":116,"column":3}},"38":{"start":{"line":97,"column":28},"end":{"line":97,"column":36}},"39":{"start":{"line":99,"column":4},"end":{"line":102,"column":8}},"40":{"start":{"line":99,"column":27},"end":{"line":102,"column":5}},"41":{"start":{"line":104,"column":4},"end":{"line":106,"column":5}},"42":{"start":{"line":105,"column":6},"end":{"line":105,"column":28}},"43":{"start":{"line":108,"column":4},"end":{"line":110,"column":5}},"44":{"start":{"line":109,"column":6},"end":{"line":109,"column":32}},"45":{"start":{"line":112,"column":4},"end":{"line":115,"column":5}},"46":{"start":{"line":113,"column":6},"end":{"line":113,"column":32}},"47":{"start":{"line":114,"column":6},"end":{"line":114,"column":31}},"48":{"start":{"line":118,"column":27},"end":{"line":123,"column":3}},"49":{"start":{"line":119,"column":4},"end":{"line":122,"column":8}},"50":{"start":{"line":119,"column":27},"end":{"line":122,"column":5}},"51":{"start":{"line":125,"column":20},"end":{"line":136,"column":3}},"52":{"start":{"line":126,"column":4},"end":{"line":133,"column":7}},"53":{"start":{"line":134,"column":4},"end":{"line":134,"column":30}},"54":{"start":{"line":135,"column":4},"end":{"line":135,"column":30}},"55":{"start":{"line":138,"column":21},"end":{"line":143,"column":3}},"56":{"start":{"line":139,"column":4},"end":{"line":142,"column":8}},"57":{"start":{"line":139,"column":27},"end":{"line":142,"column":5}},"58":{"start":{"line":145,"column":23},"end":{"line":169,"column":3}},"59":{"start":{"line":146,"column":4},"end":{"line":146,"column":23}},"60":{"start":{"line":147,"column":4},"end":{"line":147,"column":27}},"61":{"start":{"line":149,"column":30},"end":{"line":149,"column":67}},"62":{"start":{"line":151,"column":4},"end":{"line":168,"column":9}},"63":{"start":{"line":160,"column":21},"end":{"line":160,"column":31}},"64":{"start":{"line":162,"column":8},"end":{"line":162,"column":20}},"65":{"start":{"line":164,"column":24},"end":{"line":164,"column":42}},"66":{"start":{"line":166,"column":8},"end":{"line":166,"column":32}},"67":{"start":{"line":167,"column":8},"end":{"line":167,"column":76}},"68":{"start":{"line":171,"column":24},"end":{"line":182,"column":3}},"69":{"start":{"line":184,"column":2},"end":{"line":272,"column":4}},"70":{"start":{"line":193,"column":39},"end":{"line":193,"column":74}},"71":{"start":{"line":197,"column":14},"end":{"line":245,"column":20}},"72":{"start":{"line":215,"column":35},"end":{"line":215,"column":56}},"73":{"start":{"line":259,"column":33},"end":{"line":259,"column":44}}},"fnMap":{"0":{"name":"(anonymous_0)","decl":{"start":{"line":21,"column":13},"end":{"line":21,"column":14}},"loc":{"start":{"line":21,"column":19},"end":{"line":273,"column":1}},"line":21},"1":{"name":"(anonymous_1)","decl":{"start":{"line":42,"column":25},"end":{"line":42,"column":26}},"loc":{"start":{"line":42,"column":34},"end":{"line":67,"column":3}},"line":42},"2":{"name":"(anonymous_2)","decl":{"start":{"line":47,"column":12},"end":{"line":47,"column":13}},"loc":{"start":{"line":47,"column":26},"end":{"line":58,"column":7}},"line":47},"3":{"name":"(anonymous_3)","decl":{"start":{"line":49,"column":22},"end":{"line":49,"column":23}},"loc":{"start":{"line":49,"column":33},"end":{"line":53,"column":11}},"line":49},"4":{"name":"(anonymous_4)","decl":{"start":{"line":59,"column":13},"end":{"line":59,"column":14}},"loc":{"start":{"line":59,"column":24},"end":{"line":63,"column":7}},"line":59},"5":{"name":"(anonymous_5)","decl":{"start":{"line":64,"column":15},"end":{"line":64,"column":16}},"loc":{"start":{"line":64,"column":21},"end":{"line":66,"column":7}},"line":64},"6":{"name":"(anonymous_6)","decl":{"start":{"line":69,"column":28},"end":{"line":69,"column":29}},"loc":{"start":{"line":69,"column":44},"end":{"line":94,"column":3}},"line":69},"7":{"name":"(anonymous_7)","decl":{"start":{"line":82,"column":24},"end":{"line":82,"column":25}},"loc":{"start":{"line":82,"column":37},"end":{"line":82,"column":69}},"line":82},"8":{"name":"(anonymous_8)","decl":{"start":{"line":88,"column":16},"end":{"line":88,"column":17}},"loc":{"start":{"line":88,"column":27},"end":{"line":91,"column":5}},"line":88},"9":{"name":"(anonymous_9)","decl":{"start":{"line":96,"column":23},"end":{"line":96,"column":24}},"loc":{"start":{"line":96,"column":30},"end":{"line":116,"column":3}},"line":96},"10":{"name":"(anonymous_10)","decl":{"start":{"line":99,"column":16},"end":{"line":99,"column":17}},"loc":{"start":{"line":99,"column":27},"end":{"line":102,"column":5}},"line":99},"11":{"name":"(anonymous_11)","decl":{"start":{"line":118,"column":27},"end":{"line":118,"column":28}},"loc":{"start":{"line":118,"column":40},"end":{"line":123,"column":3}},"line":118},"12":{"name":"(anonymous_12)","decl":{"start":{"line":119,"column":16},"end":{"line":119,"column":17}},"loc":{"start":{"line":119,"column":27},"end":{"line":122,"column":5}},"line":119},"13":{"name":"(anonymous_13)","decl":{"start":{"line":125,"column":20},"end":{"line":125,"column":21}},"loc":{"start":{"line":125,"column":26},"end":{"line":136,"column":3}},"line":125},"14":{"name":"(anonymous_14)","decl":{"start":{"line":138,"column":21},"end":{"line":138,"column":22}},"loc":{"start":{"line":138,"column":32},"end":{"line":143,"column":3}},"line":138},"15":{"name":"(anonymous_15)","decl":{"start":{"line":139,"column":16},"end":{"line":139,"column":17}},"loc":{"start":{"line":139,"column":27},"end":{"line":142,"column":5}},"line":139},"16":{"name":"(anonymous_16)","decl":{"start":{"line":145,"column":23},"end":{"line":145,"column":24}},"loc":{"start":{"line":145,"column":30},"end":{"line":169,"column":3}},"line":145},"17":{"name":"(anonymous_17)","decl":{"start":{"line":160,"column":12},"end":{"line":160,"column":13}},"loc":{"start":{"line":160,"column":21},"end":{"line":160,"column":31}},"line":160},"18":{"name":"(anonymous_18)","decl":{"start":{"line":161,"column":12},"end":{"line":161,"column":13}},"loc":{"start":{"line":161,"column":18},"end":{"line":163,"column":7}},"line":161},"19":{"name":"(anonymous_19)","decl":{"start":{"line":164,"column":13},"end":{"line":164,"column":14}},"loc":{"start":{"line":164,"column":24},"end":{"line":164,"column":42}},"line":164},"20":{"name":"(anonymous_20)","decl":{"start":{"line":165,"column":15},"end":{"line":165,"column":16}},"loc":{"start":{"line":165,"column":21},"end":{"line":168,"column":7}},"line":165},"21":{"name":"(anonymous_21)","decl":{"start":{"line":193,"column":27},"end":{"line":193,"column":28}},"loc":{"start":{"line":193,"column":39},"end":{"line":193,"column":74}},"line":193},"22":{"name":"(anonymous_22)","decl":{"start":{"line":196,"column":31},"end":{"line":196,"column":32}},"loc":{"start":{"line":197,"column":14},"end":{"line":245,"column":20}},"line":197},"23":{"name":"(anonymous_23)","decl":{"start":{"line":215,"column":29},"end":{"line":215,"column":30}},"loc":{"start":{"line":215,"column":35},"end":{"line":215,"column":56}},"line":215},"24":{"name":"(anonymous_24)","decl":{"start":{"line":259,"column":27},"end":{"line":259,"column":28}},"loc":{"start":{"line":259,"column":33},"end":{"line":259,"column":44}},"line":259}},"branchMap":{"0":{"loc":{"start":{"line":48,"column":8},"end":{"line":57,"column":9}},"type":"if","locations":[{"start":{"line":48,"column":8},"end":{"line":57,"column":9}},{"start":{},"end":{}}],"line":48},"1":{"loc":{"start":{"line":51,"column":21},"end":{"line":51,"column":49}},"type":"binary-expr","locations":[{"start":{"line":51,"column":21},"end":{"line":51,"column":43}},{"start":{"line":51,"column":47},"end":{"line":51,"column":49}}],"line":51},"2":{"loc":{"start":{"line":52,"column":21},"end":{"line":52,"column":52}},"type":"binary-expr","locations":[{"start":{"line":52,"column":21},"end":{"line":52,"column":46}},{"start":{"line":52,"column":50},"end":{"line":52,"column":52}}],"line":52},"3":{"loc":{"start":{"line":82,"column":6},"end":{"line":85,"column":7}},"type":"if","locations":[{"start":{"line":82,"column":6},"end":{"line":85,"column":7}},{"start":{},"end":{}}],"line":82},"4":{"loc":{"start":{"line":104,"column":4},"end":{"line":106,"column":5}},"type":"if","locations":[{"start":{"line":104,"column":4},"end":{"line":106,"column":5}},{"start":{},"end":{}}],"line":104},"5":{"loc":{"start":{"line":108,"column":4},"end":{"line":110,"column":5}},"type":"if","locations":[{"start":{"line":108,"column":4},"end":{"line":110,"column":5}},{"start":{},"end":{}}],"line":108},"6":{"loc":{"start":{"line":108,"column":8},"end":{"line":108,"column":49}},"type":"binary-expr","locations":[{"start":{"line":108,"column":8},"end":{"line":108,"column":26}},{"start":{"line":108,"column":30},"end":{"line":108,"column":49}}],"line":108},"7":{"loc":{"start":{"line":112,"column":4},"end":{"line":115,"column":5}},"type":"if","locations":[{"start":{"line":112,"column":4},"end":{"line":115,"column":5}},{"start":{},"end":{}}],"line":112},"8":{"loc":{"start":{"line":112,"column":8},"end":{"line":112,"column":49}},"type":"binary-expr","locations":[{"start":{"line":112,"column":8},"end":{"line":112,"column":26}},{"start":{"line":112,"column":30},"end":{"line":112,"column":49}}],"line":112},"9":{"loc":{"start":{"line":207,"column":17},"end":{"line":219,"column":17}},"type":"binary-expr","locations":[{"start":{"line":207,"column":17},"end":{"line":207,"column":36}},{"start":{"line":208,"column":18},"end":{"line":218,"column":31}}],"line":207},"10":{"loc":{"start":{"line":221,"column":17},"end":{"line":236,"column":19}},"type":"binary-expr","locations":[{"start":{"line":221,"column":18},"end":{"line":221,"column":41}},{"start":{"line":222,"column":18},"end":{"line":222,"column":41}},{"start":{"line":223,"column":18},"end":{"line":223,"column":42}},{"start":{"line":224,"column":19},"end":{"line":224,"column":26}},{"start":{"line":224,"column":30},"end":{"line":224,"column":45}},{"start":{"line":225,"column":20},"end":{"line":235,"column":26}}],"line":221},"11":{"loc":{"start":{"line":239,"column":35},"end":{"line":239,"column":77}},"type":"binary-expr","locations":[{"start":{"line":239,"column":35},"end":{"line":239,"column":50}},{"start":{"line":239,"column":54},"end":{"line":239,"column":77}}],"line":239},"12":{"loc":{"start":{"line":243,"column":35},"end":{"line":243,"column":77}},"type":"binary-expr","locations":[{"start":{"line":243,"column":35},"end":{"line":243,"column":50}},{"start":{"line":243,"column":54},"end":{"line":243,"column":77}}],"line":243},"13":{"loc":{"start":{"line":248,"column":13},"end":{"line":267,"column":13}},"type":"cond-expr","locations":[{"start":{"line":249,"column":14},"end":{"line":264,"column":17}},{"start":{"line":266,"column":14},"end":{"line":266,"column":33}}],"line":248}},"s":{"0":1,"1":0,"2":0,"3":0,"4":0,"5":0,"6":0,"7":0,"8":0,"9":0,"10":0,"11":0,"12":0,"13":0,"14":0,"15":0,"16":0,"17":0,"18":0,"19":0,"20":0,"21":0,"22":0,"23":0,"24":0,"25":0,"26":0,"27":0,"28":0,"29":0,"30":0,"31":0,"32":0,"33":0,"34":0,"35":0,"36":0,"37":0,"38":0,"39":0,"40":0,"41":0,"42":0,"43":0,"44":0,"45":0,"46":0,"47":0,"48":0,"49":0,"50":0,"51":0,"52":0,"53":0,"54":0,"55":0,"56":0,"57":0,"58":0,"59":0,"60":0,"61":0,"62":0,"63":0,"64":0,"65":0,"66":0,"67":0,"68":0,"69":0,"70":0,"71":0,"72":0,"73":0},"f":{"0":0,"1":0,"2":0,"3":0,"4":0,"5":0,"6":0,"7":0,"8":0,"9":0,"10":0,"11":0,"12":0,"13":0,"14":0,"15":0,"16":0,"17":0,"18":0,"19":0,"20":0,"21":0,"22":0,"23":0,"24":0},"b":{"0":[0,0],"1":[0,0],"2":[0,0],"3":[0,0],"4":[0,0],"5":[0,0],"6":[0,0],"7":[0,0],"8":[0,0],"9":[0,0],"10":[0,0,0,0,0,0],"11":[0,0],"12":[0,0],"13":[0,0]},"_coverageSchema":"1a1c01bbd47fc00a2c39e90264f33305004495a9","hash":"6efb74b080984c1a587c169bc2262649ad652601"}
,"/Users/som_ramnani/Projects/job-tracker/client/src/components/Form/FormButton.jsx": {"path":"/Users/som_ramnani/Projects/job-tracker/client/src/components/Form/FormButton.jsx","statementMap":{"0":{"start":{"line":3,"column":19},"end":{"line":29,"column":1}},"1":{"start":{"line":12,"column":2},"end":{"line":28,"column":4}}},"fnMap":{"0":{"name":"(anonymous_0)","decl":{"start":{"line":3,"column":19},"end":{"line":3,"column":20}},"loc":{"start":{"line":11,"column":6},"end":{"line":29,"column":1}},"line":11}},"branchMap":{"0":{"loc":{"start":{"line":7,"column":2},"end":{"line":7,"column":25}},"type":"default-arg","locations":[{"start":{"line":7,"column":20},"end":{"line":7,"column":25}}],"line":7},"1":{"loc":{"start":{"line":8,"column":2},"end":{"line":8,"column":19}},"type":"default-arg","locations":[{"start":{"line":8,"column":10},"end":{"line":8,"column":19}}],"line":8},"2":{"loc":{"start":{"line":9,"column":2},"end":{"line":9,"column":17}},"type":"default-arg","locations":[{"start":{"line":9,"column":9},"end":{"line":9,"column":17}}],"line":9},"3":{"loc":{"start":{"line":10,"column":2},"end":{"line":10,"column":18}},"type":"default-arg","locations":[{"start":{"line":10,"column":13},"end":{"line":10,"column":18}}],"line":10},"4":{"loc":{"start":{"line":19,"column":16},"end":{"line":19,"column":43}},"type":"binary-expr","locations":[{"start":{"line":19,"column":16},"end":{"line":19,"column":24}},{"start":{"line":19,"column":28},"end":{"line":19,"column":43}}],"line":19},"5":{"loc":{"start":{"line":22,"column":7},"end":{"line":26,"column":7}},"type":"cond-expr","locations":[{"start":{"line":23,"column":8},"end":{"line":23,"column":54}},{"start":{"line":25,"column":8},"end":{"line":25,"column":15}}],"line":22}},"s":{"0":1,"1":0},"f":{"0":0},"b":{"0":[0],"1":[0],"2":[0],"3":[0],"4":[0,0],"5":[0,0]},"_coverageSchema":"1a1c01bbd47fc00a2c39e90264f33305004495a9","hash":"aa951b5f96d6b774acd8e8ba0ea96840ecc0c7a9"}
,"/Users/som_ramnani/Projects/job-tracker/client/src/components/GoogleLoginAuth/index.jsx": {"path":"/Users/som_ramnani/Projects/job-tracker/client/src/components/GoogleLoginAuth/index.jsx","statementMap":{"0":{"start":{"line":6,"column":24},"end":{"line":33,"column":1}},"1":{"start":{"line":7,"column":22},"end":{"line":7,"column":31}},"2":{"start":{"line":8,"column":27},"end":{"line":8,"column":40}},"3":{"start":{"line":9,"column":19},"end":{"line":9,"column":32}},"4":{"start":{"line":11,"column":2},"end":{"line":32,"column":4}},"5":{"start":{"line":18,"column":30},"end":{"line":18,"column":70}},"6":{"start":{"line":19,"column":10},"end":{"line":19,"column":56}},"7":{"start":{"line":21,"column":10},"end":{"line":21,"column":31}},"8":{"start":{"line":23,"column":10},"end":{"line":23,"column":66}},"9":{"start":{"line":24,"column":10},"end":{"line":24,"column":33}},"10":{"start":{"line":27,"column":10},"end":{"line":27,"column":38}}},"fnMap":{"0":{"name":"(anonymous_0)","decl":{"start":{"line":6,"column":24},"end":{"line":6,"column":25}},"loc":{"start":{"line":6,"column":30},"end":{"line":33,"column":1}},"line":6},"1":{"name":"(anonymous_1)","decl":{"start":{"line":17,"column":19},"end":{"line":17,"column":20}},"loc":{"start":{"line":17,"column":43},"end":{"line":25,"column":9}},"line":17},"2":{"name":"(anonymous_2)","decl":{"start":{"line":26,"column":17},"end":{"line":26,"column":18}},"loc":{"start":{"line":26,"column":23},"end":{"line":28,"column":9}},"line":26}},"branchMap":{},"s":{"0":1,"1":0,"2":0,"3":0,"4":0,"5":0,"6":0,"7":0,"8":0,"9":0,"10":0},"f":{"0":0,"1":0,"2":0},"b":{},"_coverageSchema":"1a1c01bbd47fc00a2c39e90264f33305004495a9","hash":"7aba4e08a0fe1b3ead0884f4764a1d4040fbe3b0"}
,"/Users/som_ramnani/Projects/job-tracker/client/src/components/GoogleSheetsButton/index.jsx": {"path":"/Users/som_ramnani/Projects/job-tracker/client/src/components/GoogleSheetsButton/index.jsx","statementMap":{"0":{"start":{"line":4,"column":27},"end":{"line":22,"column":1}},"1":{"start":{"line":5,"column":2},"end":{"line":21,"column":4}}},"fnMap":{"0":{"name":"(anonymous_0)","decl":{"start":{"line":4,"column":27},"end":{"line":4,"column":28}},"loc":{"start":{"line":4,"column":33},"end":{"line":22,"column":1}},"line":4}},"branchMap":{},"s":{"0":1,"1":0},"f":{"0":0},"b":{},"_coverageSchema":"1a1c01bbd47fc00a2c39e90264f33305004495a9","hash":"baf4fb16254fe1150d16bbe4f7549934d4e5dfbd"}
,"/Users/som_ramnani/Projects/job-tracker/client/src/components/Icons/CustomIcons.jsx": {"path":"/Users/som_ramnani/Projects/job-tracker/client/src/components/Icons/CustomIcons.jsx","statementMap":{"0":{"start":{"line":5,"column":2},"end":{"line":52,"column":4}},"1":{"start":{"line":56,"column":2},"end":{"line":88,"column":4}},"2":{"start":{"line":92,"column":2},"end":{"line":119,"column":4}}},"fnMap":{"0":{"name":"SitemarkIcon","decl":{"start":{"line":4,"column":16},"end":{"line":4,"column":28}},"loc":{"start":{"line":4,"column":31},"end":{"line":53,"column":1}},"line":4},"1":{"name":"FacebookIcon","decl":{"start":{"line":55,"column":16},"end":{"line":55,"column":28}},"loc":{"start":{"line":55,"column":31},"end":{"line":89,"column":1}},"line":55},"2":{"name":"GoogleIcon","decl":{"start":{"line":91,"column":16},"end":{"line":91,"column":26}},"loc":{"start":{"line":91,"column":29},"end":{"line":120,"column":1}},"line":91}},"branchMap":{},"s":{"0":0,"1":0,"2":0},"f":{"0":0,"1":0,"2":0},"b":{},"_coverageSchema":"1a1c01bbd47fc00a2c39e90264f33305004495a9","hash":"1a238eeb21e05e7067bd0a5638b23f22f5fb753e"}
,"/Users/som_ramnani/Projects/job-tracker/client/src/components/Navbar/Navbar.jsx": {"path":"/Users/som_ramnani/Projects/job-tracker/client/src/components/Navbar/Navbar.jsx","statementMap":{"0":{"start":{"line":6,"column":15},"end":{"line":61,"column":1}},"1":{"start":{"line":7,"column":33},"end":{"line":7,"column":42}},"2":{"start":{"line":8,"column":19},"end":{"line":11,"column":3}},"3":{"start":{"line":13,"column":2},"end":{"line":60,"column":4}},"4":{"start":{"line":43,"column":14},"end":{"line":45,"column":29}}},"fnMap":{"0":{"name":"(anonymous_0)","decl":{"start":{"line":6,"column":15},"end":{"line":6,"column":16}},"loc":{"start":{"line":6,"column":21},"end":{"line":61,"column":1}},"line":6},"1":{"name":"(anonymous_1)","decl":{"start":{"line":42,"column":26},"end":{"line":42,"column":27}},"loc":{"start":{"line":43,"column":14},"end":{"line":45,"column":29}},"line":43}},"branchMap":{"0":{"loc":{"start":{"line":47,"column":13},"end":{"line":55,"column":13}},"type":"cond-expr","locations":[{"start":{"line":48,"column":14},"end":{"line":50,"column":29}},{"start":{"line":52,"column":14},"end":{"line":54,"column":29}}],"line":47}},"s":{"0":1,"1":2,"2":2,"3":2,"4":4},"f":{"0":2,"1":4},"b":{"0":[1,1]},"_coverageSchema":"1a1c01bbd47fc00a2c39e90264f33305004495a9","hash":"91d5c4bf8cf9f833b1381472f16a00bb226f9321"}
,"/Users/som_ramnani/Projects/job-tracker/client/src/components/Navbar/navbarStyles.js": {"path":"/Users/som_ramnani/Projects/job-tracker/client/src/components/Navbar/navbarStyles.js","statementMap":{"0":{"start":{"line":4,"column":20},"end":{"line":12,"column":3}},"1":{"start":{"line":4,"column":42},"end":{"line":12,"column":1}},"2":{"start":{"line":14,"column":27},"end":{"line":21,"column":3}},"3":{"start":{"line":14,"column":52},"end":{"line":21,"column":1}},"4":{"start":{"line":23,"column":28},"end":{"line":27,"column":3}},"5":{"start":{"line":23,"column":59},"end":{"line":27,"column":1}}},"fnMap":{"0":{"name":"(anonymous_0)","decl":{"start":{"line":4,"column":35},"end":{"line":4,"column":36}},"loc":{"start":{"line":4,"column":42},"end":{"line":12,"column":1}},"line":4},"1":{"name":"(anonymous_1)","decl":{"start":{"line":14,"column":45},"end":{"line":14,"column":46}},"loc":{"start":{"line":14,"column":52},"end":{"line":21,"column":1}},"line":14},"2":{"name":"(anonymous_2)","decl":{"start":{"line":23,"column":43},"end":{"line":23,"column":44}},"loc":{"start":{"line":23,"column":59},"end":{"line":27,"column":1}},"line":23}},"branchMap":{},"s":{"0":1,"1":2,"2":1,"3":2,"4":1,"5":6},"f":{"0":2,"1":2,"2":6},"b":{},"_coverageSchema":"1a1c01bbd47fc00a2c39e90264f33305004495a9","hash":"cb577e02b997b0e2fb5fb6b2f56d9ad1bbd49387"}
,"/Users/som_ramnani/Projects/job-tracker/client/src/components/PositionedSnackbar/index.jsx": {"path":"/Users/som_ramnani/Projects/job-tracker/client/src/components/PositionedSnackbar/index.jsx","statementMap":{"0":{"start":{"line":4,"column":27},"end":{"line":28,"column":1}},"1":{"start":{"line":5,"column":49},"end":{"line":5,"column":62}},"2":{"start":{"line":7,"column":2},"end":{"line":27,"column":4}}},"fnMap":{"0":{"name":"(anonymous_0)","decl":{"start":{"line":4,"column":27},"end":{"line":4,"column":28}},"loc":{"start":{"line":4,"column":33},"end":{"line":28,"column":1}},"line":4}},"branchMap":{},"s":{"0":1,"1":0,"2":0},"f":{"0":0},"b":{},"_coverageSchema":"1a1c01bbd47fc00a2c39e90264f33305004495a9","hash":"27a08e19d14dce04f60b77f0d4dd7502e11a2520"}
,"/Users/som_ramnani/Projects/job-tracker/client/src/components/SignIn/Content.jsx": {"path":"/Users/som_ramnani/Projects/job-tracker/client/src/components/SignIn/Content.jsx","statementMap":{"0":{"start":{"line":10,"column":14},"end":{"line":35,"column":1}},"1":{"start":{"line":38,"column":2},"end":{"line":76,"column":4}},"2":{"start":{"line":63,"column":8},"end":{"line":73,"column":16}}},"fnMap":{"0":{"name":"Content","decl":{"start":{"line":37,"column":24},"end":{"line":37,"column":31}},"loc":{"start":{"line":37,"column":34},"end":{"line":77,"column":1}},"line":37},"1":{"name":"(anonymous_1)","decl":{"start":{"line":62,"column":17},"end":{"line":62,"column":18}},"loc":{"start":{"line":63,"column":8},"end":{"line":73,"column":16}},"line":63}},"branchMap":{},"s":{"0":1,"1":0,"2":0},"f":{"0":0,"1":0},"b":{},"_coverageSchema":"1a1c01bbd47fc00a2c39e90264f33305004495a9","hash":"db25e8701a66cc7ca988bcbddd757aa08a689647"}
,"/Users/som_ramnani/Projects/job-tracker/client/src/components/SignIn/ForgotPassword.jsx": {"path":"/Users/som_ramnani/Projects/job-tracker/client/src/components/SignIn/ForgotPassword.jsx","statementMap":{"0":{"start":{"line":12,"column":2},"end":{"line":52,"column":4}},"1":{"start":{"line":19,"column":10},"end":{"line":19,"column":33}},"2":{"start":{"line":20,"column":10},"end":{"line":20,"column":24}},"3":{"start":{"line":55,"column":0},"end":{"line":58,"column":2}}},"fnMap":{"0":{"name":"ForgotPassword","decl":{"start":{"line":11,"column":9},"end":{"line":11,"column":23}},"loc":{"start":{"line":11,"column":47},"end":{"line":53,"column":1}},"line":11},"1":{"name":"(anonymous_1)","decl":{"start":{"line":18,"column":18},"end":{"line":18,"column":19}},"loc":{"start":{"line":18,"column":29},"end":{"line":21,"column":9}},"line":18}},"branchMap":{},"s":{"0":0,"1":0,"2":0,"3":1},"f":{"0":0,"1":0},"b":{},"_coverageSchema":"1a1c01bbd47fc00a2c39e90264f33305004495a9","hash":"a3e30b7a0998d7f89661db8a55629f7abf97a9e1"}
,"/Users/som_ramnani/Projects/job-tracker/client/src/components/SignIn/SignIn.jsx": {"path":"/Users/som_ramnani/Projects/job-tracker/client/src/components/SignIn/SignIn.jsx","statementMap":{"0":{"start":{"line":8,"column":2},"end":{"line":64,"column":4}},"1":{"start":{"line":22,"column":22},"end":{"line":37,"column":11}}},"fnMap":{"0":{"name":"SignIn","decl":{"start":{"line":7,"column":24},"end":{"line":7,"column":30}},"loc":{"start":{"line":7,"column":38},"end":{"line":65,"column":1}},"line":7},"1":{"name":"(anonymous_1)","decl":{"start":{"line":22,"column":10},"end":{"line":22,"column":11}},"loc":{"start":{"line":22,"column":22},"end":{"line":37,"column":11}},"line":22}},"branchMap":{},"s":{"0":0,"1":0},"f":{"0":0,"1":0},"b":{},"_coverageSchema":"1a1c01bbd47fc00a2c39e90264f33305004495a9","hash":"a798fd7c2e55fa24e9bc88d9d2fcc7ac4f6202a5"}
,"/Users/som_ramnani/Projects/job-tracker/client/src/components/SignIn/SignInCard.jsx": {"path":"/Users/som_ramnani/Projects/job-tracker/client/src/components/SignIn/SignInCard.jsx","statementMap":{"0":{"start":{"line":20,"column":13},"end":{"line":36,"column":3}},"1":{"start":{"line":20,"column":45},"end":{"line":36,"column":1}},"2":{"start":{"line":39,"column":38},"end":{"line":39,"column":59}},"3":{"start":{"line":40,"column":52},"end":{"line":40,"column":70}},"4":{"start":{"line":41,"column":44},"end":{"line":41,"column":65}},"5":{"start":{"line":42,"column":58},"end":{"line":42,"column":76}},"6":{"start":{"line":43,"column":26},"end":{"line":43,"column":47}},"7":{"start":{"line":45,"column":26},"end":{"line":47,"column":3}},"8":{"start":{"line":46,"column":4},"end":{"line":46,"column":18}},"9":{"start":{"line":49,"column":22},"end":{"line":51,"column":3}},"10":{"start":{"line":50,"column":4},"end":{"line":50,"column":19}},"11":{"start":{"line":53,"column":23},"end":{"line":63,"column":3}},"12":{"start":{"line":54,"column":4},"end":{"line":57,"column":5}},"13":{"start":{"line":55,"column":6},"end":{"line":55,"column":29}},"14":{"start":{"line":56,"column":6},"end":{"line":56,"column":13}},"15":{"start":{"line":58,"column":17},"end":{"line":58,"column":50}},"16":{"start":{"line":59,"column":4},"end":{"line":62,"column":7}},"17":{"start":{"line":65,"column":25},"end":{"line":90,"column":3}},"18":{"start":{"line":66,"column":18},"end":{"line":66,"column":50}},"19":{"start":{"line":67,"column":21},"end":{"line":67,"column":56}},"20":{"start":{"line":69,"column":18},"end":{"line":69,"column":22}},"21":{"start":{"line":71,"column":4},"end":{"line":78,"column":5}},"22":{"start":{"line":72,"column":6},"end":{"line":72,"column":26}},"23":{"start":{"line":73,"column":6},"end":{"line":73,"column":66}},"24":{"start":{"line":74,"column":6},"end":{"line":74,"column":22}},"25":{"start":{"line":76,"column":6},"end":{"line":76,"column":27}},"26":{"start":{"line":77,"column":6},"end":{"line":77,"column":31}},"27":{"start":{"line":80,"column":4},"end":{"line":87,"column":5}},"28":{"start":{"line":81,"column":6},"end":{"line":81,"column":29}},"29":{"start":{"line":82,"column":6},"end":{"line":82,"column":78}},"30":{"start":{"line":83,"column":6},"end":{"line":83,"column":22}},"31":{"start":{"line":85,"column":6},"end":{"line":85,"column":30}},"32":{"start":{"line":86,"column":6},"end":{"line":86,"column":34}},"33":{"start":{"line":89,"column":4},"end":{"line":89,"column":19}},"34":{"start":{"line":92,"column":2},"end":{"line":213,"column":4}},"35":{"start":{"line":206,"column":25},"end":{"line":206,"column":55}}},"fnMap":{"0":{"name":"(anonymous_0)","decl":{"start":{"line":20,"column":29},"end":{"line":20,"column":30}},"loc":{"start":{"line":20,"column":45},"end":{"line":36,"column":1}},"line":20},"1":{"name":"SignInCard","decl":{"start":{"line":38,"column":24},"end":{"line":38,"column":34}},"loc":{"start":{"line":38,"column":37},"end":{"line":214,"column":1}},"line":38},"2":{"name":"(anonymous_2)","decl":{"start":{"line":45,"column":26},"end":{"line":45,"column":27}},"loc":{"start":{"line":45,"column":32},"end":{"line":47,"column":3}},"line":45},"3":{"name":"(anonymous_3)","decl":{"start":{"line":49,"column":22},"end":{"line":49,"column":23}},"loc":{"start":{"line":49,"column":28},"end":{"line":51,"column":3}},"line":49},"4":{"name":"(anonymous_4)","decl":{"start":{"line":53,"column":23},"end":{"line":53,"column":24}},"loc":{"start":{"line":53,"column":34},"end":{"line":63,"column":3}},"line":53},"5":{"name":"(anonymous_5)","decl":{"start":{"line":65,"column":25},"end":{"line":65,"column":26}},"loc":{"start":{"line":65,"column":31},"end":{"line":90,"column":3}},"line":65},"6":{"name":"(anonymous_6)","decl":{"start":{"line":206,"column":19},"end":{"line":206,"column":20}},"loc":{"start":{"line":206,"column":25},"end":{"line":206,"column":55}},"line":206}},"branchMap":{"0":{"loc":{"start":{"line":54,"column":4},"end":{"line":57,"column":5}},"type":"if","locations":[{"start":{"line":54,"column":4},"end":{"line":57,"column":5}},{"start":{},"end":{}}],"line":54},"1":{"loc":{"start":{"line":54,"column":8},"end":{"line":54,"column":35}},"type":"binary-expr","locations":[{"start":{"line":54,"column":8},"end":{"line":54,"column":18}},{"start":{"line":54,"column":22},"end":{"line":54,"column":35}}],"line":54},"2":{"loc":{"start":{"line":71,"column":4},"end":{"line":78,"column":5}},"type":"if","locations":[{"start":{"line":71,"column":4},"end":{"line":78,"column":5}},{"start":{"line":75,"column":11},"end":{"line":78,"column":5}}],"line":71},"3":{"loc":{"start":{"line":71,"column":8},"end":{"line":71,"column":57}},"type":"binary-expr","locations":[{"start":{"line":71,"column":8},"end":{"line":71,"column":20}},{"start":{"line":71,"column":24},"end":{"line":71,"column":57}}],"line":71},"4":{"loc":{"start":{"line":80,"column":4},"end":{"line":87,"column":5}},"type":"if","locations":[{"start":{"line":80,"column":4},"end":{"line":87,"column":5}},{"start":{"line":84,"column":11},"end":{"line":87,"column":5}}],"line":80},"5":{"loc":{"start":{"line":80,"column":8},"end":{"line":80,"column":52}},"type":"binary-expr","locations":[{"start":{"line":80,"column":8},"end":{"line":80,"column":23}},{"start":{"line":80,"column":27},"end":{"line":80,"column":52}}],"line":80},"6":{"loc":{"start":{"line":135,"column":19},"end":{"line":135,"column":51}},"type":"cond-expr","locations":[{"start":{"line":135,"column":32},"end":{"line":135,"column":39}},{"start":{"line":135,"column":42},"end":{"line":135,"column":51}}],"line":135},"7":{"loc":{"start":{"line":163,"column":19},"end":{"line":163,"column":54}},"type":"cond-expr","locations":[{"start":{"line":163,"column":35},"end":{"line":163,"column":42}},{"start":{"line":163,"column":45},"end":{"line":163,"column":54}}],"line":163}},"s":{"0":1,"1":0,"2":0,"3":0,"4":0,"5":0,"6":0,"7":0,"8":0,"9":0,"10":0,"11":0,"12":0,"13":0,"14":0,"15":0,"16":0,"17":0,"18":0,"19":0,"20":0,"21":0,"22":0,"23":0,"24":0,"25":0,"26":0,"27":0,"28":0,"29":0,"30":0,"31":0,"32":0,"33":0,"34":0,"35":0},"f":{"0":0,"1":0,"2":0,"3":0,"4":0,"5":0,"6":0},"b":{"0":[0,0],"1":[0,0],"2":[0,0],"3":[0,0],"4":[0,0],"5":[0,0],"6":[0,0],"7":[0,0]},"_coverageSchema":"1a1c01bbd47fc00a2c39e90264f33305004495a9","hash":"b6a4d458c0a3961cb9148ca2d5cb62a4167cc0ff"}
,"/Users/som_ramnani/Projects/job-tracker/client/src/components/TitleWrapper/index.jsx": {"path":"/Users/som_ramnani/Projects/job-tracker/client/src/components/TitleWrapper/index.jsx","statementMap":{"0":{"start":{"line":3,"column":21},"end":{"line":12,"column":1}},"1":{"start":{"line":4,"column":2},"end":{"line":11,"column":4}}},"fnMap":{"0":{"name":"(anonymous_0)","decl":{"start":{"line":3,"column":21},"end":{"line":3,"column":22}},"loc":{"start":{"line":3,"column":46},"end":{"line":12,"column":1}},"line":3}},"branchMap":{},"s":{"0":1,"1":0},"f":{"0":0},"b":{},"_coverageSchema":"1a1c01bbd47fc00a2c39e90264f33305004495a9","hash":"66e0776c39eb1663eb26805498a1e54949f58d78"}
,"/Users/som_ramnani/Projects/job-tracker/client/src/templates/customizations/dataDisplay.jsx": {"path":"/Users/som_ramnani/Projects/job-tracker/client/src/templates/customizations/dataDisplay.jsx","statementMap":{"0":{"start":{"line":9,"column":41},"end":{"line":232,"column":1}},"1":{"start":{"line":22,"column":28},"end":{"line":54,"column":7}},"2":{"start":{"line":59,"column":31},"end":{"line":63,"column":7}},"3":{"start":{"line":64,"column":33},"end":{"line":67,"column":7}},"4":{"start":{"line":72,"column":28},"end":{"line":78,"column":7}},"5":{"start":{"line":93,"column":28},"end":{"line":196,"column":7}}},"fnMap":{"0":{"name":"(anonymous_0)","decl":{"start":{"line":22,"column":12},"end":{"line":22,"column":13}},"loc":{"start":{"line":22,"column":28},"end":{"line":54,"column":7}},"line":22},"1":{"name":"(anonymous_1)","decl":{"start":{"line":59,"column":15},"end":{"line":59,"column":16}},"loc":{"start":{"line":59,"column":31},"end":{"line":63,"column":7}},"line":59},"2":{"name":"(anonymous_2)","decl":{"start":{"line":64,"column":17},"end":{"line":64,"column":18}},"loc":{"start":{"line":64,"column":33},"end":{"line":67,"column":7}},"line":64},"3":{"name":"(anonymous_3)","decl":{"start":{"line":72,"column":12},"end":{"line":72,"column":13}},"loc":{"start":{"line":72,"column":28},"end":{"line":78,"column":7}},"line":72},"4":{"name":"(anonymous_4)","decl":{"start":{"line":93,"column":12},"end":{"line":93,"column":13}},"loc":{"start":{"line":93,"column":28},"end":{"line":196,"column":7}},"line":93}},"branchMap":{"0":{"loc":{"start":{"line":26,"column":18},"end":{"line":26,"column":37}},"type":"binary-expr","locations":[{"start":{"line":26,"column":18},"end":{"line":26,"column":28}},{"start":{"line":26,"column":32},"end":{"line":26,"column":37}}],"line":26},"1":{"loc":{"start":{"line":35,"column":25},"end":{"line":35,"column":44}},"type":"binary-expr","locations":[{"start":{"line":35,"column":25},"end":{"line":35,"column":35}},{"start":{"line":35,"column":39},"end":{"line":35,"column":44}}],"line":35},"2":{"loc":{"start":{"line":41,"column":22},"end":{"line":41,"column":41}},"type":"binary-expr","locations":[{"start":{"line":41,"column":22},"end":{"line":41,"column":32}},{"start":{"line":41,"column":36},"end":{"line":41,"column":41}}],"line":41}},"s":{"0":1,"1":0,"2":0,"3":0,"4":0,"5":0},"f":{"0":0,"1":0,"2":0,"3":0,"4":0},"b":{"0":[0,0],"1":[0,0],"2":[0,0]},"_coverageSchema":"1a1c01bbd47fc00a2c39e90264f33305004495a9","hash":"dac543aebc8d587d93014fa440bdd1492314a6bd"}
,"/Users/som_ramnani/Projects/job-tracker/client/src/templates/customizations/feedback.jsx": {"path":"/Users/som_ramnani/Projects/job-tracker/client/src/templates/customizations/feedback.jsx","statementMap":{"0":{"start":{"line":4,"column":38},"end":{"line":45,"column":1}},"1":{"start":{"line":7,"column":28},"end":{"line":19,"column":7}},"2":{"start":{"line":24,"column":28},"end":{"line":30,"column":7}},"3":{"start":{"line":35,"column":28},"end":{"line":42,"column":7}}},"fnMap":{"0":{"name":"(anonymous_0)","decl":{"start":{"line":7,"column":12},"end":{"line":7,"column":13}},"loc":{"start":{"line":7,"column":28},"end":{"line":19,"column":7}},"line":7},"1":{"name":"(anonymous_1)","decl":{"start":{"line":24,"column":12},"end":{"line":24,"column":13}},"loc":{"start":{"line":24,"column":28},"end":{"line":30,"column":7}},"line":24},"2":{"name":"(anonymous_2)","decl":{"start":{"line":35,"column":12},"end":{"line":35,"column":13}},"loc":{"start":{"line":35,"column":28},"end":{"line":42,"column":7}},"line":35}},"branchMap":{"0":{"loc":{"start":{"line":10,"column":16},"end":{"line":10,"column":35}},"type":"binary-expr","locations":[{"start":{"line":10,"column":16},"end":{"line":10,"column":26}},{"start":{"line":10,"column":30},"end":{"line":10,"column":35}}],"line":10},"1":{"loc":{"start":{"line":28,"column":24},"end":{"line":28,"column":43}},"type":"binary-expr","locations":[{"start":{"line":28,"column":24},"end":{"line":28,"column":34}},{"start":{"line":28,"column":38},"end":{"line":28,"column":43}}],"line":28}},"s":{"0":1,"1":0,"2":0,"3":0},"f":{"0":0,"1":0,"2":0},"b":{"0":[0,0],"1":[0,0]},"_coverageSchema":"1a1c01bbd47fc00a2c39e90264f33305004495a9","hash":"bdde649cc0742b7e06ca4f850558be2cfb126e1e"}
,"/Users/som_ramnani/Projects/job-tracker/client/src/templates/customizations/index.js": {"path":"/Users/som_ramnani/Projects/job-tracker/client/src/templates/customizations/index.js","statementMap":{},"fnMap":{},"branchMap":{},"s":{},"f":{},"b":{},"_coverageSchema":"1a1c01bbd47fc00a2c39e90264f33305004495a9","hash":"fe5437633c042fe2809fcfa7a214f7b1a6940131"}
,"/Users/som_ramnani/Projects/job-tracker/client/src/templates/customizations/input.jsx": {"path":"/Users/som_ramnani/Projects/job-tracker/client/src/templates/customizations/input.jsx","statementMap":{"0":{"start":{"line":12,"column":36},"end":{"line":452,"column":1}},"1":{"start":{"line":19,"column":28},"end":{"line":26,"column":7}},"2":{"start":{"line":31,"column":28},"end":{"line":226,"column":7}},"3":{"start":{"line":231,"column":28},"end":{"line":281,"column":7}},"4":{"start":{"line":286,"column":28},"end":{"line":298,"column":7}},"5":{"start":{"line":303,"column":28},"end":{"line":315,"column":7}},"6":{"start":{"line":330,"column":28},"end":{"line":370,"column":7}},"7":{"start":{"line":391,"column":28},"end":{"line":428,"column":7}},"8":{"start":{"line":436,"column":28},"end":{"line":441,"column":7}},"9":{"start":{"line":446,"column":28},"end":{"line":449,"column":7}}},"fnMap":{"0":{"name":"(anonymous_0)","decl":{"start":{"line":19,"column":12},"end":{"line":19,"column":13}},"loc":{"start":{"line":19,"column":28},"end":{"line":26,"column":7}},"line":19},"1":{"name":"(anonymous_1)","decl":{"start":{"line":31,"column":12},"end":{"line":31,"column":13}},"loc":{"start":{"line":31,"column":28},"end":{"line":226,"column":7}},"line":31},"2":{"name":"(anonymous_2)","decl":{"start":{"line":231,"column":12},"end":{"line":231,"column":13}},"loc":{"start":{"line":231,"column":28},"end":{"line":281,"column":7}},"line":231},"3":{"name":"(anonymous_3)","decl":{"start":{"line":286,"column":12},"end":{"line":286,"column":13}},"loc":{"start":{"line":286,"column":28},"end":{"line":298,"column":7}},"line":286},"4":{"name":"(anonymous_4)","decl":{"start":{"line":303,"column":12},"end":{"line":303,"column":13}},"loc":{"start":{"line":303,"column":28},"end":{"line":315,"column":7}},"line":303},"5":{"name":"(anonymous_5)","decl":{"start":{"line":330,"column":12},"end":{"line":330,"column":13}},"loc":{"start":{"line":330,"column":28},"end":{"line":370,"column":7}},"line":330},"6":{"name":"(anonymous_6)","decl":{"start":{"line":391,"column":12},"end":{"line":391,"column":13}},"loc":{"start":{"line":391,"column":28},"end":{"line":428,"column":7}},"line":391},"7":{"name":"(anonymous_7)","decl":{"start":{"line":436,"column":12},"end":{"line":436,"column":13}},"loc":{"start":{"line":436,"column":28},"end":{"line":441,"column":7}},"line":436},"8":{"name":"(anonymous_8)","decl":{"start":{"line":446,"column":12},"end":{"line":446,"column":13}},"loc":{"start":{"line":446,"column":28},"end":{"line":449,"column":7}},"line":446}},"branchMap":{"0":{"loc":{"start":{"line":33,"column":23},"end":{"line":33,"column":42}},"type":"binary-expr","locations":[{"start":{"line":33,"column":23},"end":{"line":33,"column":33}},{"start":{"line":33,"column":37},"end":{"line":33,"column":42}}],"line":33},"1":{"loc":{"start":{"line":121,"column":22},"end":{"line":121,"column":41}},"type":"binary-expr","locations":[{"start":{"line":121,"column":22},"end":{"line":121,"column":32}},{"start":{"line":121,"column":36},"end":{"line":121,"column":41}}],"line":121},"2":{"loc":{"start":{"line":233,"column":23},"end":{"line":233,"column":42}},"type":"binary-expr","locations":[{"start":{"line":233,"column":23},"end":{"line":233,"column":33}},{"start":{"line":233,"column":37},"end":{"line":233,"column":42}}],"line":233},"3":{"loc":{"start":{"line":237,"column":16},"end":{"line":237,"column":35}},"type":"binary-expr","locations":[{"start":{"line":237,"column":16},"end":{"line":237,"column":26}},{"start":{"line":237,"column":30},"end":{"line":237,"column":35}}],"line":237},"4":{"loc":{"start":{"line":393,"column":16},"end":{"line":393,"column":35}},"type":"binary-expr","locations":[{"start":{"line":393,"column":16},"end":{"line":393,"column":26}},{"start":{"line":393,"column":30},"end":{"line":393,"column":35}}],"line":393},"5":{"loc":{"start":{"line":394,"column":23},"end":{"line":394,"column":42}},"type":"binary-expr","locations":[{"start":{"line":394,"column":23},"end":{"line":394,"column":33}},{"start":{"line":394,"column":37},"end":{"line":394,"column":42}}],"line":394},"6":{"loc":{"start":{"line":395,"column":30},"end":{"line":395,"column":49}},"type":"binary-expr","locations":[{"start":{"line":395,"column":30},"end":{"line":395,"column":40}},{"start":{"line":395,"column":44},"end":{"line":395,"column":49}}],"line":395},"7":{"loc":{"start":{"line":396,"column":26},"end":{"line":396,"column":45}},"type":"binary-expr","locations":[{"start":{"line":396,"column":26},"end":{"line":396,"column":36}},{"start":{"line":396,"column":40},"end":{"line":396,"column":45}}],"line":396},"8":{"loc":{"start":{"line":437,"column":16},"end":{"line":437,"column":35}},"type":"binary-expr","locations":[{"start":{"line":437,"column":16},"end":{"line":437,"column":26}},{"start":{"line":437,"column":30},"end":{"line":437,"column":35}}],"line":437},"9":{"loc":{"start":{"line":439,"column":18},"end":{"line":439,"column":37}},"type":"binary-expr","locations":[{"start":{"line":439,"column":18},"end":{"line":439,"column":28}},{"start":{"line":439,"column":32},"end":{"line":439,"column":37}}],"line":439}},"s":{"0":1,"1":0,"2":0,"3":0,"4":0,"5":0,"6":0,"7":0,"8":0,"9":0},"f":{"0":0,"1":0,"2":0,"3":0,"4":0,"5":0,"6":0,"7":0,"8":0},"b":{"0":[0,0],"1":[0,0],"2":[0,0],"3":[0,0],"4":[0,0],"5":[0,0],"6":[0,0],"7":[0,0],"8":[0,0],"9":[0,0]},"_coverageSchema":"1a1c01bbd47fc00a2c39e90264f33305004495a9","hash":"07f19347d33cce4e6a3d4f5872c2144fb16fd499"}
,"/Users/som_ramnani/Projects/job-tracker/client/src/templates/customizations/navigation.jsx": {"path":"/Users/som_ramnani/Projects/job-tracker/client/src/templates/customizations/navigation.jsx","statementMap":{"0":{"start":{"line":9,"column":40},"end":{"line":273,"column":1}},"1":{"start":{"line":12,"column":28},"end":{"line":23,"column":7}},"2":{"start":{"line":34,"column":29},"end":{"line":52,"column":7}},"3":{"start":{"line":57,"column":28},"end":{"line":97,"column":7}},"4":{"start":{"line":98,"column":30},"end":{"line":108,"column":7}},"5":{"start":{"line":116,"column":28},"end":{"line":141,"column":7}},"6":{"start":{"line":146,"column":29},"end":{"line":148,"column":7}},"7":{"start":{"line":153,"column":28},"end":{"line":164,"column":7}},"8":{"start":{"line":170,"column":33},"end":{"line":175,"column":7}},"9":{"start":{"line":180,"column":28},"end":{"line":208,"column":7}},"10":{"start":{"line":213,"column":28},"end":{"line":218,"column":7}},"11":{"start":{"line":223,"column":28},"end":{"line":260,"column":7}},"12":{"start":{"line":265,"column":29},"end":{"line":270,"column":7}}},"fnMap":{"0":{"name":"(anonymous_0)","decl":{"start":{"line":12,"column":12},"end":{"line":12,"column":13}},"loc":{"start":{"line":12,"column":28},"end":{"line":23,"column":7}},"line":12},"1":{"name":"(anonymous_1)","decl":{"start":{"line":34,"column":13},"end":{"line":34,"column":14}},"loc":{"start":{"line":34,"column":29},"end":{"line":52,"column":7}},"line":34},"2":{"name":"(anonymous_2)","decl":{"start":{"line":57,"column":12},"end":{"line":57,"column":13}},"loc":{"start":{"line":57,"column":28},"end":{"line":97,"column":7}},"line":57},"3":{"name":"(anonymous_3)","decl":{"start":{"line":98,"column":14},"end":{"line":98,"column":15}},"loc":{"start":{"line":98,"column":30},"end":{"line":108,"column":7}},"line":98},"4":{"name":"(anonymous_4)","decl":{"start":{"line":116,"column":12},"end":{"line":116,"column":13}},"loc":{"start":{"line":116,"column":28},"end":{"line":141,"column":7}},"line":116},"5":{"name":"(anonymous_5)","decl":{"start":{"line":146,"column":13},"end":{"line":146,"column":14}},"loc":{"start":{"line":146,"column":29},"end":{"line":148,"column":7}},"line":146},"6":{"name":"(anonymous_6)","decl":{"start":{"line":153,"column":12},"end":{"line":153,"column":13}},"loc":{"start":{"line":153,"column":28},"end":{"line":164,"column":7}},"line":153},"7":{"name":"(anonymous_7)","decl":{"start":{"line":170,"column":17},"end":{"line":170,"column":18}},"loc":{"start":{"line":170,"column":33},"end":{"line":175,"column":7}},"line":170},"8":{"name":"(anonymous_8)","decl":{"start":{"line":180,"column":12},"end":{"line":180,"column":13}},"loc":{"start":{"line":180,"column":28},"end":{"line":208,"column":7}},"line":180},"9":{"name":"(anonymous_9)","decl":{"start":{"line":213,"column":12},"end":{"line":213,"column":13}},"loc":{"start":{"line":213,"column":28},"end":{"line":218,"column":7}},"line":213},"10":{"name":"(anonymous_10)","decl":{"start":{"line":223,"column":12},"end":{"line":223,"column":13}},"loc":{"start":{"line":223,"column":28},"end":{"line":260,"column":7}},"line":223},"11":{"name":"(anonymous_11)","decl":{"start":{"line":265,"column":13},"end":{"line":265,"column":14}},"loc":{"start":{"line":265,"column":29},"end":{"line":270,"column":7}},"line":265}},"branchMap":{"0":{"loc":{"start":{"line":13,"column":23},"end":{"line":13,"column":42}},"type":"binary-expr","locations":[{"start":{"line":13,"column":23},"end":{"line":13,"column":33}},{"start":{"line":13,"column":37},"end":{"line":13,"column":42}}],"line":13},"1":{"loc":{"start":{"line":36,"column":23},"end":{"line":36,"column":42}},"type":"binary-expr","locations":[{"start":{"line":36,"column":23},"end":{"line":36,"column":33}},{"start":{"line":36,"column":37},"end":{"line":36,"column":42}}],"line":36},"2":{"loc":{"start":{"line":37,"column":30},"end":{"line":37,"column":49}},"type":"binary-expr","locations":[{"start":{"line":37,"column":30},"end":{"line":37,"column":40}},{"start":{"line":37,"column":44},"end":{"line":37,"column":49}}],"line":37},"3":{"loc":{"start":{"line":58,"column":23},"end":{"line":58,"column":42}},"type":"binary-expr","locations":[{"start":{"line":58,"column":23},"end":{"line":58,"column":33}},{"start":{"line":58,"column":37},"end":{"line":58,"column":42}}],"line":58},"4":{"loc":{"start":{"line":61,"column":26},"end":{"line":61,"column":45}},"type":"binary-expr","locations":[{"start":{"line":61,"column":26},"end":{"line":61,"column":36}},{"start":{"line":61,"column":40},"end":{"line":61,"column":45}}],"line":61},"5":{"loc":{"start":{"line":65,"column":28},"end":{"line":65,"column":47}},"type":"binary-expr","locations":[{"start":{"line":65,"column":28},"end":{"line":65,"column":38}},{"start":{"line":65,"column":42},"end":{"line":65,"column":47}}],"line":65},"6":{"loc":{"start":{"line":77,"column":25},"end":{"line":77,"column":44}},"type":"binary-expr","locations":[{"start":{"line":77,"column":25},"end":{"line":77,"column":35}},{"start":{"line":77,"column":39},"end":{"line":77,"column":44}}],"line":77},"7":{"loc":{"start":{"line":79,"column":28},"end":{"line":79,"column":47}},"type":"binary-expr","locations":[{"start":{"line":79,"column":28},"end":{"line":79,"column":38}},{"start":{"line":79,"column":42},"end":{"line":79,"column":47}}],"line":79},"8":{"loc":{"start":{"line":86,"column":30},"end":{"line":86,"column":49}},"type":"binary-expr","locations":[{"start":{"line":86,"column":30},"end":{"line":86,"column":40}},{"start":{"line":86,"column":44},"end":{"line":86,"column":49}}],"line":86},"9":{"loc":{"start":{"line":117,"column":16},"end":{"line":117,"column":35}},"type":"binary-expr","locations":[{"start":{"line":117,"column":16},"end":{"line":117,"column":26}},{"start":{"line":117,"column":30},"end":{"line":117,"column":35}}],"line":117},"10":{"loc":{"start":{"line":129,"column":28},"end":{"line":129,"column":47}},"type":"binary-expr","locations":[{"start":{"line":129,"column":28},"end":{"line":129,"column":38}},{"start":{"line":129,"column":42},"end":{"line":129,"column":47}}],"line":129},"11":{"loc":{"start":{"line":147,"column":26},"end":{"line":147,"column":45}},"type":"binary-expr","locations":[{"start":{"line":147,"column":26},"end":{"line":147,"column":36}},{"start":{"line":147,"column":40},"end":{"line":147,"column":45}}],"line":147},"12":{"loc":{"start":{"line":156,"column":28},"end":{"line":156,"column":47}},"type":"binary-expr","locations":[{"start":{"line":156,"column":28},"end":{"line":156,"column":38}},{"start":{"line":156,"column":42},"end":{"line":156,"column":47}}],"line":156},"13":{"loc":{"start":{"line":161,"column":30},"end":{"line":161,"column":49}},"type":"binary-expr","locations":[{"start":{"line":161,"column":30},"end":{"line":161,"column":40}},{"start":{"line":161,"column":44},"end":{"line":161,"column":49}}],"line":161},"14":{"loc":{"start":{"line":171,"column":26},"end":{"line":171,"column":45}},"type":"binary-expr","locations":[{"start":{"line":171,"column":26},"end":{"line":171,"column":36}},{"start":{"line":171,"column":40},"end":{"line":171,"column":45}}],"line":171},"15":{"loc":{"start":{"line":173,"column":28},"end":{"line":173,"column":47}},"type":"binary-expr","locations":[{"start":{"line":173,"column":28},"end":{"line":173,"column":38}},{"start":{"line":173,"column":42},"end":{"line":173,"column":47}}],"line":173},"16":{"loc":{"start":{"line":186,"column":16},"end":{"line":186,"column":35}},"type":"binary-expr","locations":[{"start":{"line":186,"column":16},"end":{"line":186,"column":26}},{"start":{"line":186,"column":30},"end":{"line":186,"column":35}}],"line":186},"17":{"loc":{"start":{"line":187,"column":23},"end":{"line":187,"column":42}},"type":"binary-expr","locations":[{"start":{"line":187,"column":23},"end":{"line":187,"column":33}},{"start":{"line":187,"column":37},"end":{"line":187,"column":42}}],"line":187},"18":{"loc":{"start":{"line":191,"column":18},"end":{"line":191,"column":37}},"type":"binary-expr","locations":[{"start":{"line":191,"column":18},"end":{"line":191,"column":28}},{"start":{"line":191,"column":32},"end":{"line":191,"column":37}}],"line":191},"19":{"loc":{"start":{"line":200,"column":20},"end":{"line":200,"column":39}},"type":"binary-expr","locations":[{"start":{"line":200,"column":20},"end":{"line":200,"column":30}},{"start":{"line":200,"column":34},"end":{"line":200,"column":39}}],"line":200},"20":{"loc":{"start":{"line":215,"column":22},"end":{"line":215,"column":41}},"type":"binary-expr","locations":[{"start":{"line":215,"column":22},"end":{"line":215,"column":32}},{"start":{"line":215,"column":36},"end":{"line":215,"column":41}}],"line":215},"21":{"loc":{"start":{"line":234,"column":18},"end":{"line":234,"column":37}},"type":"binary-expr","locations":[{"start":{"line":234,"column":18},"end":{"line":234,"column":28}},{"start":{"line":234,"column":32},"end":{"line":234,"column":37}}],"line":234},"22":{"loc":{"start":{"line":238,"column":18},"end":{"line":238,"column":37}},"type":"binary-expr","locations":[{"start":{"line":238,"column":18},"end":{"line":238,"column":28}},{"start":{"line":238,"column":32},"end":{"line":238,"column":37}}],"line":238},"23":{"loc":{"start":{"line":244,"column":20},"end":{"line":244,"column":39}},"type":"binary-expr","locations":[{"start":{"line":244,"column":20},"end":{"line":244,"column":30}},{"start":{"line":244,"column":34},"end":{"line":244,"column":39}}],"line":244},"24":{"loc":{"start":{"line":248,"column":20},"end":{"line":248,"column":39}},"type":"binary-expr","locations":[{"start":{"line":248,"column":20},"end":{"line":248,"column":30}},{"start":{"line":248,"column":34},"end":{"line":248,"column":39}}],"line":248}},"s":{"0":1,"1":0,"2":0,"3":0,"4":0,"5":0,"6":0,"7":0,"8":0,"9":0,"10":0,"11":0,"12":0},"f":{"0":0,"1":0,"2":0,"3":0,"4":0,"5":0,"6":0,"7":0,"8":0,"9":0,"10":0,"11":0},"b":{"0":[0,0],"1":[0,0],"2":[0,0],"3":[0,0],"4":[0,0],"5":[0,0],"6":[0,0],"7":[0,0],"8":[0,0],"9":[0,0],"10":[0,0],"11":[0,0],"12":[0,0],"13":[0,0],"14":[0,0],"15":[0,0],"16":[0,0],"17":[0,0],"18":[0,0],"19":[0,0],"20":[0,0],"21":[0,0],"22":[0,0],"23":[0,0],"24":[0,0]},"_coverageSchema":"1a1c01bbd47fc00a2c39e90264f33305004495a9","hash":"b3d855f0fc228de16c84fc60571ca94f515339c9"}
,"/Users/som_ramnani/Projects/job-tracker/client/src/templates/customizations/surfaces.jsx": {"path":"/Users/som_ramnani/Projects/job-tracker/client/src/templates/customizations/surfaces.jsx","statementMap":{"0":{"start":{"line":4,"column":38},"end":{"line":112,"column":1}},"1":{"start":{"line":11,"column":28},"end":{"line":31,"column":7}},"2":{"start":{"line":36,"column":28},"end":{"line":44,"column":7}},"3":{"start":{"line":60,"column":8},"end":{"line":86,"column":10}}},"fnMap":{"0":{"name":"(anonymous_0)","decl":{"start":{"line":11,"column":12},"end":{"line":11,"column":13}},"loc":{"start":{"line":11,"column":28},"end":{"line":31,"column":7}},"line":11},"1":{"name":"(anonymous_1)","decl":{"start":{"line":36,"column":12},"end":{"line":36,"column":13}},"loc":{"start":{"line":36,"column":28},"end":{"line":44,"column":7}},"line":36},"2":{"name":"(anonymous_2)","decl":{"start":{"line":59,"column":12},"end":{"line":59,"column":13}},"loc":{"start":{"line":59,"column":27},"end":{"line":87,"column":7}},"line":59}},"branchMap":{"0":{"loc":{"start":{"line":14,"column":26},"end":{"line":14,"column":45}},"type":"binary-expr","locations":[{"start":{"line":14,"column":26},"end":{"line":14,"column":36}},{"start":{"line":14,"column":40},"end":{"line":14,"column":45}}],"line":14},"1":{"loc":{"start":{"line":16,"column":22},"end":{"line":16,"column":41}},"type":"binary-expr","locations":[{"start":{"line":16,"column":22},"end":{"line":16,"column":32}},{"start":{"line":16,"column":36},"end":{"line":16,"column":41}}],"line":16},"2":{"loc":{"start":{"line":24,"column":32},"end":{"line":24,"column":51}},"type":"binary-expr","locations":[{"start":{"line":24,"column":32},"end":{"line":24,"column":42}},{"start":{"line":24,"column":46},"end":{"line":24,"column":51}}],"line":24},"3":{"loc":{"start":{"line":25,"column":33},"end":{"line":25,"column":52}},"type":"binary-expr","locations":[{"start":{"line":25,"column":33},"end":{"line":25,"column":43}},{"start":{"line":25,"column":47},"end":{"line":25,"column":52}}],"line":25},"4":{"loc":{"start":{"line":28,"column":35},"end":{"line":28,"column":54}},"type":"binary-expr","locations":[{"start":{"line":28,"column":35},"end":{"line":28,"column":45}},{"start":{"line":28,"column":49},"end":{"line":28,"column":54}}],"line":28},"5":{"loc":{"start":{"line":29,"column":36},"end":{"line":29,"column":55}},"type":"binary-expr","locations":[{"start":{"line":29,"column":36},"end":{"line":29,"column":46}},{"start":{"line":29,"column":50},"end":{"line":29,"column":55}}],"line":29},"6":{"loc":{"start":{"line":65,"column":25},"end":{"line":65,"column":44}},"type":"binary-expr","locations":[{"start":{"line":65,"column":25},"end":{"line":65,"column":35}},{"start":{"line":65,"column":39},"end":{"line":65,"column":44}}],"line":65},"7":{"loc":{"start":{"line":66,"column":32},"end":{"line":66,"column":51}},"type":"binary-expr","locations":[{"start":{"line":66,"column":32},"end":{"line":66,"column":42}},{"start":{"line":66,"column":46},"end":{"line":66,"column":51}}],"line":66},"8":{"loc":{"start":{"line":77,"column":38},"end":{"line":77,"column":57}},"type":"binary-expr","locations":[{"start":{"line":77,"column":38},"end":{"line":77,"column":48}},{"start":{"line":77,"column":52},"end":{"line":77,"column":57}}],"line":77}},"s":{"0":1,"1":0,"2":0,"3":0},"f":{"0":0,"1":0,"2":0},"b":{"0":[0,0],"1":[0,0],"2":[0,0],"3":[0,0],"4":[0,0],"5":[0,0],"6":[0,0],"7":[0,0],"8":[0,0]},"_coverageSchema":"1a1c01bbd47fc00a2c39e90264f33305004495a9","hash":"705e165f7dabc641fa16da586fe152d7859f5c60"}
,"/Users/som_ramnani/Projects/job-tracker/client/src/templates/shared-theme/index.js": {"path":"/Users/som_ramnani/Projects/job-tracker/client/src/templates/shared-theme/index.js","statementMap":{},"fnMap":{},"branchMap":{},"s":{},"f":{},"b":{},"_coverageSchema":"1a1c01bbd47fc00a2c39e90264f33305004495a9","hash":"68c85e6d57393f0e4dd37f8cbaef4ab62400aaa6"}
,"/Users/som_ramnani/Projects/job-tracker/client/src/templates/shared-theme/themePrimitives.js": {"path":"/Users/som_ramnani/Projects/job-tracker/client/src/templates/shared-theme/themePrimitives.js","statementMap":{"0":{"start":{"line":3,"column":21},"end":{"line":3,"column":34}},"1":{"start":{"line":5,"column":22},"end":{"line":5,"column":47}},"2":{"start":{"line":7,"column":21},"end":{"line":18,"column":1}},"3":{"start":{"line":20,"column":20},"end":{"line":31,"column":1}},"4":{"start":{"line":33,"column":21},"end":{"line":44,"column":1}},"5":{"start":{"line":46,"column":22},"end":{"line":57,"column":1}},"6":{"start":{"line":59,"column":19},"end":{"line":70,"column":1}},"7":{"start":{"line":72,"column":31},"end":{"line":219,"column":1}},"8":{"start":{"line":73,"column":2},"end":{"line":76,"column":97}},"9":{"start":{"line":78,"column":2},"end":{"line":218,"column":4}},"10":{"start":{"line":221,"column":28},"end":{"line":321,"column":1}},"11":{"start":{"line":323,"column":26},"end":{"line":371,"column":1}},"12":{"start":{"line":373,"column":21},"end":{"line":375,"column":1}},"13":{"start":{"line":378,"column":23},"end":{"line":382,"column":1}},"14":{"start":{"line":383,"column":23},"end":{"line":383,"column":37}}},"fnMap":{"0":{"name":"(anonymous_0)","decl":{"start":{"line":72,"column":31},"end":{"line":72,"column":32}},"loc":{"start":{"line":72,"column":41},"end":{"line":219,"column":1}},"line":72}},"branchMap":{"0":{"loc":{"start":{"line":74,"column":4},"end":{"line":76,"column":96}},"type":"cond-expr","locations":[{"start":{"line":75,"column":8},"end":{"line":75,"column":94}},{"start":{"line":76,"column":8},"end":{"line":76,"column":96}}],"line":74},"1":{"loc":{"start":{"line":86,"column":12},"end":{"line":91,"column":9}},"type":"binary-expr","locations":[{"start":{"line":86,"column":12},"end":{"line":86,"column":27}},{"start":{"line":86,"column":31},"end":{"line":91,"column":9}}],"line":86},"2":{"loc":{"start":{"line":98,"column":12},"end":{"line":103,"column":9}},"type":"binary-expr","locations":[{"start":{"line":98,"column":12},"end":{"line":98,"column":27}},{"start":{"line":98,"column":31},"end":{"line":103,"column":9}}],"line":98},"3":{"loc":{"start":{"line":109,"column":12},"end":{"line":113,"column":9}},"type":"binary-expr","locations":[{"start":{"line":109,"column":12},"end":{"line":109,"column":27}},{"start":{"line":109,"column":31},"end":{"line":113,"column":9}}],"line":109},"4":{"loc":{"start":{"line":119,"column":12},"end":{"line":123,"column":9}},"type":"binary-expr","locations":[{"start":{"line":119,"column":12},"end":{"line":119,"column":27}},{"start":{"line":119,"column":31},"end":{"line":123,"column":9}}],"line":119},"5":{"loc":{"start":{"line":129,"column":12},"end":{"line":133,"column":9}},"type":"binary-expr","locations":[{"start":{"line":129,"column":12},"end":{"line":129,"column":27}},{"start":{"line":129,"column":31},"end":{"line":133,"column":9}}],"line":129},"6":{"loc":{"start":{"line":138,"column":15},"end":{"line":138,"column":78}},"type":"cond-expr","locations":[{"start":{"line":138,"column":33},"end":{"line":138,"column":54}},{"start":{"line":138,"column":57},"end":{"line":138,"column":78}}],"line":138},"7":{"loc":{"start":{"line":142,"column":12},"end":{"line":145,"column":9}},"type":"binary-expr","locations":[{"start":{"line":142,"column":12},"end":{"line":142,"column":27}},{"start":{"line":142,"column":31},"end":{"line":145,"column":9}}],"line":142},"8":{"loc":{"start":{"line":151,"column":12},"end":{"line":154,"column":9}},"type":"binary-expr","locations":[{"start":{"line":151,"column":12},"end":{"line":151,"column":27}},{"start":{"line":151,"column":31},"end":{"line":154,"column":9}}],"line":151},"9":{"loc":{"start":{"line":159,"column":12},"end":{"line":162,"column":9}},"type":"binary-expr","locations":[{"start":{"line":159,"column":12},"end":{"line":159,"column":27}},{"start":{"line":159,"column":31},"end":{"line":162,"column":9}}],"line":159}},"s":{"0":1,"1":1,"2":1,"3":1,"4":1,"5":1,"6":1,"7":1,"8":0,"9":0,"10":1,"11":1,"12":1,"13":1,"14":1},"f":{"0":0},"b":{"0":[0,0],"1":[0,0],"2":[0,0],"3":[0,0],"4":[0,0],"5":[0,0],"6":[0,0],"7":[0,0],"8":[0,0],"9":[0,0]},"_coverageSchema":"1a1c01bbd47fc00a2c39e90264f33305004495a9","hash":"0a6c9df763c29397beb9f884ad64998f2756b73a"}
,"/Users/som_ramnani/Projects/job-tracker/client/src/templates/shared-theme/AppTheme/index.jsx": {"path":"/Users/som_ramnani/Projects/job-tracker/client/src/templates/shared-theme/AppTheme/index.jsx","statementMap":{"0":{"start":{"line":14,"column":60},"end":{"line":14,"column":65}},"1":{"start":{"line":15,"column":16},"end":{"line":37,"column":43}},"2":{"start":{"line":16,"column":4},"end":{"line":36,"column":11}},"3":{"start":{"line":38,"column":2},"end":{"line":40,"column":3}},"4":{"start":{"line":39,"column":4},"end":{"line":39,"column":55}},"5":{"start":{"line":41,"column":2},"end":{"line":45,"column":4}},"6":{"start":{"line":48,"column":0},"end":{"line":55,"column":2}}},"fnMap":{"0":{"name":"AppTheme","decl":{"start":{"line":13,"column":9},"end":{"line":13,"column":17}},"loc":{"start":{"line":13,"column":25},"end":{"line":46,"column":1}},"line":13},"1":{"name":"(anonymous_1)","decl":{"start":{"line":15,"column":30},"end":{"line":15,"column":31}},"loc":{"start":{"line":15,"column":36},"end":{"line":37,"column":3}},"line":15}},"branchMap":{"0":{"loc":{"start":{"line":16,"column":11},"end":{"line":36,"column":10}},"type":"cond-expr","locations":[{"start":{"line":17,"column":8},"end":{"line":17,"column":10}},{"start":{"line":18,"column":8},"end":{"line":36,"column":10}}],"line":16},"1":{"loc":{"start":{"line":38,"column":2},"end":{"line":40,"column":3}},"type":"if","locations":[{"start":{"line":38,"column":2},"end":{"line":40,"column":3}},{"start":{},"end":{}}],"line":38}},"s":{"0":0,"1":0,"2":0,"3":0,"4":0,"5":0,"6":1},"f":{"0":0,"1":0},"b":{"0":[0,0],"1":[0,0]},"_coverageSchema":"1a1c01bbd47fc00a2c39e90264f33305004495a9","hash":"c4cd947d7674cfa9d909d39018b84c3f4b6941ec"}
,"/Users/som_ramnani/Projects/job-tracker/client/src/templates/shared-theme/ColorModeSelect/index.jsx": {"path":"/Users/som_ramnani/Projects/job-tracker/client/src/templates/shared-theme/ColorModeSelect/index.jsx","statementMap":{"0":{"start":{"line":6,"column":28},"end":{"line":6,"column":44}},"1":{"start":{"line":8,"column":2},"end":{"line":10,"column":3}},"2":{"start":{"line":9,"column":4},"end":{"line":9,"column":16}},"3":{"start":{"line":12,"column":2},"end":{"line":25,"column":4}},"4":{"start":{"line":15,"column":27},"end":{"line":15,"column":54}}},"fnMap":{"0":{"name":"ColorModeSelect","decl":{"start":{"line":5,"column":24},"end":{"line":5,"column":39}},"loc":{"start":{"line":5,"column":47},"end":{"line":26,"column":1}},"line":5},"1":{"name":"(anonymous_1)","decl":{"start":{"line":15,"column":16},"end":{"line":15,"column":17}},"loc":{"start":{"line":15,"column":27},"end":{"line":15,"column":54}},"line":15}},"branchMap":{"0":{"loc":{"start":{"line":8,"column":2},"end":{"line":10,"column":3}},"type":"if","locations":[{"start":{"line":8,"column":2},"end":{"line":10,"column":3}},{"start":{},"end":{}}],"line":8}},"s":{"0":0,"1":0,"2":0,"3":0,"4":0},"f":{"0":0,"1":0},"b":{"0":[0,0]},"_coverageSchema":"1a1c01bbd47fc00a2c39e90264f33305004495a9","hash":"184a390f89c67f2e9c107f4b3b98a32abe36e4e1"}
,"/Users/som_ramnani/Projects/job-tracker/client/src/templates/shared-theme/ColorModelIconDropDown/index.jsx": {"path":"/Users/som_ramnani/Projects/job-tracker/client/src/templates/shared-theme/ColorModelIconDropDown/index.jsx","statementMap":{"0":{"start":{"line":11,"column":40},"end":{"line":11,"column":56}},"1":{"start":{"line":12,"column":34},"end":{"line":12,"column":48}},"2":{"start":{"line":13,"column":15},"end":{"line":13,"column":32}},"3":{"start":{"line":15,"column":22},"end":{"line":17,"column":3}},"4":{"start":{"line":16,"column":4},"end":{"line":16,"column":37}},"5":{"start":{"line":19,"column":22},"end":{"line":21,"column":3}},"6":{"start":{"line":20,"column":4},"end":{"line":20,"column":22}},"7":{"start":{"line":23,"column":21},"end":{"line":26,"column":3}},"8":{"start":{"line":23,"column":37},"end":{"line":26,"column":3}},"9":{"start":{"line":24,"column":4},"end":{"line":24,"column":24}},"10":{"start":{"line":25,"column":4},"end":{"line":25,"column":18}},"11":{"start":{"line":28,"column":2},"end":{"line":43,"column":3}},"12":{"start":{"line":29,"column":4},"end":{"line":42,"column":6}},"13":{"start":{"line":32,"column":24},"end":{"line":40,"column":9}},"14":{"start":{"line":45,"column":23},"end":{"line":45,"column":41}},"15":{"start":{"line":46,"column":15},"end":{"line":46,"column":78}},"16":{"start":{"line":48,"column":2},"end":{"line":91,"column":4}}},"fnMap":{"0":{"name":"ColorModeIconDropdown","decl":{"start":{"line":10,"column":24},"end":{"line":10,"column":45}},"loc":{"start":{"line":10,"column":53},"end":{"line":92,"column":1}},"line":10},"1":{"name":"(anonymous_1)","decl":{"start":{"line":15,"column":22},"end":{"line":15,"column":23}},"loc":{"start":{"line":15,"column":33},"end":{"line":17,"column":3}},"line":15},"2":{"name":"(anonymous_2)","decl":{"start":{"line":19,"column":22},"end":{"line":19,"column":23}},"loc":{"start":{"line":19,"column":28},"end":{"line":21,"column":3}},"line":19},"3":{"name":"(anonymous_3)","decl":{"start":{"line":23,"column":21},"end":{"line":23,"column":22}},"loc":{"start":{"line":23,"column":37},"end":{"line":26,"column":3}},"line":23},"4":{"name":"(anonymous_4)","decl":{"start":{"line":23,"column":37},"end":{"line":23,"column":38}},"loc":{"start":{"line":23,"column":43},"end":{"line":26,"column":3}},"line":23},"5":{"name":"(anonymous_5)","decl":{"start":{"line":32,"column":12},"end":{"line":32,"column":13}},"loc":{"start":{"line":32,"column":24},"end":{"line":40,"column":9}},"line":32}},"branchMap":{"0":{"loc":{"start":{"line":28,"column":2},"end":{"line":43,"column":3}},"type":"if","locations":[{"start":{"line":28,"column":2},"end":{"line":43,"column":3}},{"start":{},"end":{}}],"line":28},"1":{"loc":{"start":{"line":37,"column":25},"end":{"line":37,"column":44}},"type":"binary-expr","locations":[{"start":{"line":37,"column":25},"end":{"line":37,"column":35}},{"start":{"line":37,"column":39},"end":{"line":37,"column":44}}],"line":37},"2":{"loc":{"start":{"line":39,"column":24},"end":{"line":39,"column":43}},"type":"binary-expr","locations":[{"start":{"line":39,"column":24},"end":{"line":39,"column":34}},{"start":{"line":39,"column":38},"end":{"line":39,"column":43}}],"line":39},"3":{"loc":{"start":{"line":45,"column":23},"end":{"line":45,"column":41}},"type":"binary-expr","locations":[{"start":{"line":45,"column":23},"end":{"line":45,"column":33}},{"start":{"line":45,"column":37},"end":{"line":45,"column":41}}],"line":45},"4":{"loc":{"start":{"line":46,"column":15},"end":{"line":46,"column":78}},"type":"cond-expr","locations":[{"start":{"line":46,"column":42},"end":{"line":46,"column":59}},{"start":{"line":46,"column":62},"end":{"line":46,"column":78}}],"line":46},"5":{"loc":{"start":{"line":55,"column":23},"end":{"line":55,"column":61}},"type":"cond-expr","locations":[{"start":{"line":55,"column":30},"end":{"line":55,"column":49}},{"start":{"line":55,"column":52},"end":{"line":55,"column":61}}],"line":55},"6":{"loc":{"start":{"line":57,"column":23},"end":{"line":57,"column":48}},"type":"cond-expr","locations":[{"start":{"line":57,"column":30},"end":{"line":57,"column":36}},{"start":{"line":57,"column":39},"end":{"line":57,"column":48}}],"line":57}},"s":{"0":0,"1":0,"2":0,"3":0,"4":0,"5":0,"6":0,"7":0,"8":0,"9":0,"10":0,"11":0,"12":0,"13":0,"14":0,"15":0,"16":0},"f":{"0":0,"1":0,"2":0,"3":0,"4":0,"5":0},"b":{"0":[0,0],"1":[0,0],"2":[0,0],"3":[0,0],"4":[0,0],"5":[0,0],"6":[0,0]},"_coverageSchema":"1a1c01bbd47fc00a2c39e90264f33305004495a9","hash":"8987a2ef8ce55faec3d33b4cec05afef461e110e"}
}
