TN:
SF:src/components/index.js
FNF:0
FNH:0
LF:0
LH:0
BRF:0
BRH:0
end_of_record
TN:
SF:src/components/ErrorMessage/index.jsx
FN:3,(anonymous_0)
FNF:1
FNH:0
FNDA:0,(anonymous_0)
DA:3,1
DA:4,0
DA:6,0
LF:3
LH:1
BRDA:4,0,0,0
BRDA:4,0,1,0
BRF:2
BRH:0
end_of_record
TN:
SF:src/components/Form/Form.jsx
FN:21,(anonymous_0)
FN:42,(anonymous_1)
FN:47,(anonymous_2)
FN:49,(anonymous_3)
FN:59,(anonymous_4)
FN:64,(anonymous_5)
FN:69,(anonymous_6)
FN:82,(anonymous_7)
FN:88,(anonymous_8)
FN:96,(anonymous_9)
FN:99,(anonymous_10)
FN:118,(anonymous_11)
FN:119,(anonymous_12)
FN:125,(anonymous_13)
FN:138,(anonymous_14)
FN:139,(anonymous_15)
FN:145,(anonymous_16)
FN:160,(anonymous_17)
FN:161,(anonymous_18)
FN:164,(anonymous_19)
FN:165,(anonymous_20)
FN:193,(anonymous_21)
FN:196,(anonymous_22)
FN:215,(anonymous_23)
FN:259,(anonymous_24)
FNF:25
FNH:0
FNDA:0,(anonymous_0)
FNDA:0,(anonymous_1)
FNDA:0,(anonymous_2)
FNDA:0,(anonymous_3)
FNDA:0,(anonymous_4)
FNDA:0,(anonymous_5)
FNDA:0,(anonymous_6)
FNDA:0,(anonymous_7)
FNDA:0,(anonymous_8)
FNDA:0,(anonymous_9)
FNDA:0,(anonymous_10)
FNDA:0,(anonymous_11)
FNDA:0,(anonymous_12)
FNDA:0,(anonymous_13)
FNDA:0,(anonymous_14)
FNDA:0,(anonymous_15)
FNDA:0,(anonymous_16)
FNDA:0,(anonymous_17)
FNDA:0,(anonymous_18)
FNDA:0,(anonymous_19)
FNDA:0,(anonymous_20)
FNDA:0,(anonymous_21)
FNDA:0,(anonymous_22)
FNDA:0,(anonymous_23)
FNDA:0,(anonymous_24)
DA:21,1
DA:22,0
DA:23,0
DA:24,0
DA:33,0
DA:34,0
DA:35,0
DA:36,0
DA:37,0
DA:39,0
DA:40,0
DA:42,0
DA:43,0
DA:45,0
DA:48,0
DA:49,0
DA:54,0
DA:55,0
DA:56,0
DA:60,0
DA:61,0
DA:62,0
DA:65,0
DA:69,0
DA:70,0
DA:72,0
DA:78,0
DA:79,0
DA:81,0
DA:82,0
DA:83,0
DA:84,0
DA:88,0
DA:93,0
DA:96,0
DA:97,0
DA:99,0
DA:104,0
DA:105,0
DA:108,0
DA:109,0
DA:112,0
DA:113,0
DA:114,0
DA:118,0
DA:119,0
DA:125,0
DA:126,0
DA:134,0
DA:135,0
DA:138,0
DA:139,0
DA:145,0
DA:146,0
DA:147,0
DA:149,0
DA:151,0
DA:160,0
DA:162,0
DA:164,0
DA:166,0
DA:167,0
DA:171,0
DA:184,0
DA:193,0
DA:197,0
DA:215,0
DA:259,0
LF:68
LH:1
BRDA:48,0,0,0
BRDA:48,0,1,0
BRDA:51,1,0,0
BRDA:51,1,1,0
BRDA:52,2,0,0
BRDA:52,2,1,0
BRDA:82,3,0,0
BRDA:82,3,1,0
BRDA:104,4,0,0
BRDA:104,4,1,0
BRDA:108,5,0,0
BRDA:108,5,1,0
BRDA:108,6,0,0
BRDA:108,6,1,0
BRDA:112,7,0,0
BRDA:112,7,1,0
BRDA:112,8,0,0
BRDA:112,8,1,0
BRDA:207,9,0,0
BRDA:207,9,1,0
BRDA:221,10,0,0
BRDA:221,10,1,0
BRDA:221,10,2,0
BRDA:221,10,3,0
BRDA:221,10,4,0
BRDA:221,10,5,0
BRDA:239,11,0,0
BRDA:239,11,1,0
BRDA:243,12,0,0
BRDA:243,12,1,0
BRDA:248,13,0,0
BRDA:248,13,1,0
BRF:32
BRH:0
end_of_record
TN:
SF:src/components/Form/FormButton.jsx
FN:3,(anonymous_0)
FNF:1
FNH:0
FNDA:0,(anonymous_0)
DA:3,1
DA:12,0
LF:2
LH:1
BRDA:7,0,0,0
BRDA:8,1,0,0
BRDA:9,2,0,0
BRDA:10,3,0,0
BRDA:19,4,0,0
BRDA:19,4,1,0
BRDA:22,5,0,0
BRDA:22,5,1,0
BRF:8
BRH:0
end_of_record
TN:
SF:src/components/GoogleLoginAuth/index.jsx
FN:6,(anonymous_0)
FN:17,(anonymous_1)
FN:26,(anonymous_2)
FNF:3
FNH:0
FNDA:0,(anonymous_0)
FNDA:0,(anonymous_1)
FNDA:0,(anonymous_2)
DA:6,1
DA:7,0
DA:8,0
DA:9,0
DA:11,0
DA:18,0
DA:19,0
DA:21,0
DA:23,0
DA:24,0
DA:27,0
LF:11
LH:1
BRF:0
BRH:0
end_of_record
TN:
SF:src/components/GoogleSheetsButton/index.jsx
FN:4,(anonymous_0)
FNF:1
FNH:0
FNDA:0,(anonymous_0)
DA:4,1
DA:5,0
LF:2
LH:1
BRF:0
BRH:0
end_of_record
TN:
SF:src/components/Icons/CustomIcons.jsx
FN:4,SitemarkIcon
FN:55,FacebookIcon
FN:91,GoogleIcon
FNF:3
FNH:0
FNDA:0,SitemarkIcon
FNDA:0,FacebookIcon
FNDA:0,GoogleIcon
DA:5,0
DA:56,0
DA:92,0
LF:3
LH:0
BRF:0
BRH:0
end_of_record
TN:
SF:src/components/Navbar/Navbar.jsx
FN:6,(anonymous_0)
FN:42,(anonymous_1)
FNF:2
FNH:2
FNDA:2,(anonymous_0)
FNDA:4,(anonymous_1)
DA:6,1
DA:7,2
DA:8,2
DA:13,2
DA:43,4
LF:5
LH:5
BRDA:47,0,0,1
BRDA:47,0,1,1
BRF:2
BRH:2
end_of_record
TN:
SF:src/components/Navbar/navbarStyles.js
FN:4,(anonymous_0)
FN:14,(anonymous_1)
FN:23,(anonymous_2)
FNF:3
FNH:3
FNDA:2,(anonymous_0)
FNDA:2,(anonymous_1)
FNDA:6,(anonymous_2)
DA:4,2
DA:14,2
DA:23,6
LF:3
LH:3
BRF:0
BRH:0
end_of_record
TN:
SF:src/components/PositionedSnackbar/index.jsx
FN:4,(anonymous_0)
FNF:1
FNH:0
FNDA:0,(anonymous_0)
DA:4,1
DA:5,0
DA:7,0
LF:3
LH:1
BRF:0
BRH:0
end_of_record
TN:
SF:src/components/SignIn/Content.jsx
FN:37,Content
FN:62,(anonymous_1)
FNF:2
FNH:0
FNDA:0,Content
FNDA:0,(anonymous_1)
DA:10,1
DA:38,0
DA:63,0
LF:3
LH:1
BRF:0
BRH:0
end_of_record
TN:
SF:src/components/SignIn/ForgotPassword.jsx
FN:11,ForgotPassword
FN:18,(anonymous_1)
FNF:2
FNH:0
FNDA:0,ForgotPassword
FNDA:0,(anonymous_1)
DA:12,0
DA:19,0
DA:20,0
DA:55,1
LF:4
LH:1
BRF:0
BRH:0
end_of_record
TN:
SF:src/components/SignIn/SignIn.jsx
FN:7,SignIn
FN:22,(anonymous_1)
FNF:2
FNH:0
FNDA:0,SignIn
FNDA:0,(anonymous_1)
DA:8,0
DA:22,0
LF:2
LH:0
BRF:0
BRH:0
end_of_record
TN:
SF:src/components/SignIn/SignInCard.jsx
FN:20,(anonymous_0)
FN:38,SignInCard
FN:45,(anonymous_2)
FN:49,(anonymous_3)
FN:53,(anonymous_4)
FN:65,(anonymous_5)
FN:206,(anonymous_6)
FNF:7
FNH:0
FNDA:0,(anonymous_0)
FNDA:0,SignInCard
FNDA:0,(anonymous_2)
FNDA:0,(anonymous_3)
FNDA:0,(anonymous_4)
FNDA:0,(anonymous_5)
FNDA:0,(anonymous_6)
DA:20,1
DA:39,0
DA:40,0
DA:41,0
DA:42,0
DA:43,0
DA:45,0
DA:46,0
DA:49,0
DA:50,0
DA:53,0
DA:54,0
DA:55,0
DA:56,0
DA:58,0
DA:59,0
DA:65,0
DA:66,0
DA:67,0
DA:69,0
DA:71,0
DA:72,0
DA:73,0
DA:74,0
DA:76,0
DA:77,0
DA:80,0
DA:81,0
DA:82,0
DA:83,0
DA:85,0
DA:86,0
DA:89,0
DA:92,0
DA:206,0
LF:35
LH:1
BRDA:54,0,0,0
BRDA:54,0,1,0
BRDA:54,1,0,0
BRDA:54,1,1,0
BRDA:71,2,0,0
BRDA:71,2,1,0
BRDA:71,3,0,0
BRDA:71,3,1,0
BRDA:80,4,0,0
BRDA:80,4,1,0
BRDA:80,5,0,0
BRDA:80,5,1,0
BRDA:135,6,0,0
BRDA:135,6,1,0
BRDA:163,7,0,0
BRDA:163,7,1,0
BRF:16
BRH:0
end_of_record
TN:
SF:src/components/TitleWrapper/index.jsx
FN:3,(anonymous_0)
FNF:1
FNH:0
FNDA:0,(anonymous_0)
DA:3,1
DA:4,0
LF:2
LH:1
BRF:0
BRH:0
end_of_record
TN:
SF:src/templates/customizations/dataDisplay.jsx
FN:22,(anonymous_0)
FN:59,(anonymous_1)
FN:64,(anonymous_2)
FN:72,(anonymous_3)
FN:93,(anonymous_4)
FNF:5
FNH:0
FNDA:0,(anonymous_0)
FNDA:0,(anonymous_1)
FNDA:0,(anonymous_2)
FNDA:0,(anonymous_3)
FNDA:0,(anonymous_4)
DA:9,1
DA:22,0
DA:59,0
DA:64,0
DA:72,0
DA:93,0
LF:6
LH:1
BRDA:26,0,0,0
BRDA:26,0,1,0
BRDA:35,1,0,0
BRDA:35,1,1,0
BRDA:41,2,0,0
BRDA:41,2,1,0
BRF:6
BRH:0
end_of_record
TN:
SF:src/templates/customizations/feedback.jsx
FN:7,(anonymous_0)
FN:24,(anonymous_1)
FN:35,(anonymous_2)
FNF:3
FNH:0
FNDA:0,(anonymous_0)
FNDA:0,(anonymous_1)
FNDA:0,(anonymous_2)
DA:4,1
DA:7,0
DA:24,0
DA:35,0
LF:4
LH:1
BRDA:10,0,0,0
BRDA:10,0,1,0
BRDA:28,1,0,0
BRDA:28,1,1,0
BRF:4
BRH:0
end_of_record
TN:
SF:src/templates/customizations/index.js
FNF:0
FNH:0
LF:0
LH:0
BRF:0
BRH:0
end_of_record
TN:
SF:src/templates/customizations/input.jsx
FN:19,(anonymous_0)
FN:31,(anonymous_1)
FN:231,(anonymous_2)
FN:286,(anonymous_3)
FN:303,(anonymous_4)
FN:330,(anonymous_5)
FN:391,(anonymous_6)
FN:436,(anonymous_7)
FN:446,(anonymous_8)
FNF:9
FNH:0
FNDA:0,(anonymous_0)
FNDA:0,(anonymous_1)
FNDA:0,(anonymous_2)
FNDA:0,(anonymous_3)
FNDA:0,(anonymous_4)
FNDA:0,(anonymous_5)
FNDA:0,(anonymous_6)
FNDA:0,(anonymous_7)
FNDA:0,(anonymous_8)
DA:12,1
DA:19,0
DA:31,0
DA:231,0
DA:286,0
DA:303,0
DA:330,0
DA:391,0
DA:436,0
DA:446,0
LF:10
LH:1
BRDA:33,0,0,0
BRDA:33,0,1,0
BRDA:121,1,0,0
BRDA:121,1,1,0
BRDA:233,2,0,0
BRDA:233,2,1,0
BRDA:237,3,0,0
BRDA:237,3,1,0
BRDA:393,4,0,0
BRDA:393,4,1,0
BRDA:394,5,0,0
BRDA:394,5,1,0
BRDA:395,6,0,0
BRDA:395,6,1,0
BRDA:396,7,0,0
BRDA:396,7,1,0
BRDA:437,8,0,0
BRDA:437,8,1,0
BRDA:439,9,0,0
BRDA:439,9,1,0
BRF:20
BRH:0
end_of_record
TN:
SF:src/templates/customizations/navigation.jsx
FN:12,(anonymous_0)
FN:34,(anonymous_1)
FN:57,(anonymous_2)
FN:98,(anonymous_3)
FN:116,(anonymous_4)
FN:146,(anonymous_5)
FN:153,(anonymous_6)
FN:170,(anonymous_7)
FN:180,(anonymous_8)
FN:213,(anonymous_9)
FN:223,(anonymous_10)
FN:265,(anonymous_11)
FNF:12
FNH:0
FNDA:0,(anonymous_0)
FNDA:0,(anonymous_1)
FNDA:0,(anonymous_2)
FNDA:0,(anonymous_3)
FNDA:0,(anonymous_4)
FNDA:0,(anonymous_5)
FNDA:0,(anonymous_6)
FNDA:0,(anonymous_7)
FNDA:0,(anonymous_8)
FNDA:0,(anonymous_9)
FNDA:0,(anonymous_10)
FNDA:0,(anonymous_11)
DA:9,1
DA:12,0
DA:34,0
DA:57,0
DA:98,0
DA:116,0
DA:146,0
DA:153,0
DA:170,0
DA:180,0
DA:213,0
DA:223,0
DA:265,0
LF:13
LH:1
BRDA:13,0,0,0
BRDA:13,0,1,0
BRDA:36,1,0,0
BRDA:36,1,1,0
BRDA:37,2,0,0
BRDA:37,2,1,0
BRDA:58,3,0,0
BRDA:58,3,1,0
BRDA:61,4,0,0
BRDA:61,4,1,0
BRDA:65,5,0,0
BRDA:65,5,1,0
BRDA:77,6,0,0
BRDA:77,6,1,0
BRDA:79,7,0,0
BRDA:79,7,1,0
BRDA:86,8,0,0
BRDA:86,8,1,0
BRDA:117,9,0,0
BRDA:117,9,1,0
BRDA:129,10,0,0
BRDA:129,10,1,0
BRDA:147,11,0,0
BRDA:147,11,1,0
BRDA:156,12,0,0
BRDA:156,12,1,0
BRDA:161,13,0,0
BRDA:161,13,1,0
BRDA:171,14,0,0
BRDA:171,14,1,0
BRDA:173,15,0,0
BRDA:173,15,1,0
BRDA:186,16,0,0
BRDA:186,16,1,0
BRDA:187,17,0,0
BRDA:187,17,1,0
BRDA:191,18,0,0
BRDA:191,18,1,0
BRDA:200,19,0,0
BRDA:200,19,1,0
BRDA:215,20,0,0
BRDA:215,20,1,0
BRDA:234,21,0,0
BRDA:234,21,1,0
BRDA:238,22,0,0
BRDA:238,22,1,0
BRDA:244,23,0,0
BRDA:244,23,1,0
BRDA:248,24,0,0
BRDA:248,24,1,0
BRF:50
BRH:0
end_of_record
TN:
SF:src/templates/customizations/surfaces.jsx
FN:11,(anonymous_0)
FN:36,(anonymous_1)
FN:59,(anonymous_2)
FNF:3
FNH:0
FNDA:0,(anonymous_0)
FNDA:0,(anonymous_1)
FNDA:0,(anonymous_2)
DA:4,1
DA:11,0
DA:36,0
DA:60,0
LF:4
LH:1
BRDA:14,0,0,0
BRDA:14,0,1,0
BRDA:16,1,0,0
BRDA:16,1,1,0
BRDA:24,2,0,0
BRDA:24,2,1,0
BRDA:25,3,0,0
BRDA:25,3,1,0
BRDA:28,4,0,0
BRDA:28,4,1,0
BRDA:29,5,0,0
BRDA:29,5,1,0
BRDA:65,6,0,0
BRDA:65,6,1,0
BRDA:66,7,0,0
BRDA:66,7,1,0
BRDA:77,8,0,0
BRDA:77,8,1,0
BRF:18
BRH:0
end_of_record
TN:
SF:src/templates/shared-theme/index.js
FNF:0
FNH:0
LF:0
LH:0
BRF:0
BRH:0
end_of_record
TN:
SF:src/templates/shared-theme/themePrimitives.js
FN:72,(anonymous_0)
FNF:1
FNH:0
FNDA:0,(anonymous_0)
DA:3,1
DA:5,1
DA:7,1
DA:20,1
DA:33,1
DA:46,1
DA:59,1
DA:72,1
DA:73,0
DA:78,0
DA:221,1
DA:323,1
DA:373,1
DA:378,1
DA:383,1
LF:15
LH:13
BRDA:74,0,0,0
BRDA:74,0,1,0
BRDA:86,1,0,0
BRDA:86,1,1,0
BRDA:98,2,0,0
BRDA:98,2,1,0
BRDA:109,3,0,0
BRDA:109,3,1,0
BRDA:119,4,0,0
BRDA:119,4,1,0
BRDA:129,5,0,0
BRDA:129,5,1,0
BRDA:138,6,0,0
BRDA:138,6,1,0
BRDA:142,7,0,0
BRDA:142,7,1,0
BRDA:151,8,0,0
BRDA:151,8,1,0
BRDA:159,9,0,0
BRDA:159,9,1,0
BRF:20
BRH:0
end_of_record
TN:
SF:src/templates/shared-theme/AppTheme/index.jsx
FN:13,AppTheme
FN:15,(anonymous_1)
FNF:2
FNH:0
FNDA:0,AppTheme
FNDA:0,(anonymous_1)
DA:14,0
DA:15,0
DA:16,0
DA:38,0
DA:39,0
DA:41,0
DA:48,1
LF:7
LH:1
BRDA:16,0,0,0
BRDA:16,0,1,0
BRDA:38,1,0,0
BRDA:38,1,1,0
BRF:4
BRH:0
end_of_record
TN:
SF:src/templates/shared-theme/ColorModeSelect/index.jsx
FN:5,ColorModeSelect
FN:15,(anonymous_1)
FNF:2
FNH:0
FNDA:0,ColorModeSelect
FNDA:0,(anonymous_1)
DA:6,0
DA:8,0
DA:9,0
DA:12,0
DA:15,0
LF:5
LH:0
BRDA:8,0,0,0
BRDA:8,0,1,0
BRF:2
BRH:0
end_of_record
TN:
SF:src/templates/shared-theme/ColorModelIconDropDown/index.jsx
FN:10,ColorModeIconDropdown
FN:15,(anonymous_1)
FN:19,(anonymous_2)
FN:23,(anonymous_3)
FN:23,(anonymous_4)
FN:32,(anonymous_5)
FNF:6
FNH:0
FNDA:0,ColorModeIconDropdown
FNDA:0,(anonymous_1)
FNDA:0,(anonymous_2)
FNDA:0,(anonymous_3)
FNDA:0,(anonymous_4)
FNDA:0,(anonymous_5)
DA:11,0
DA:12,0
DA:13,0
DA:15,0
DA:16,0
DA:19,0
DA:20,0
DA:23,0
DA:24,0
DA:25,0
DA:28,0
DA:29,0
DA:32,0
DA:45,0
DA:46,0
DA:48,0
LF:16
LH:0
BRDA:28,0,0,0
BRDA:28,0,1,0
BRDA:37,1,0,0
BRDA:37,1,1,0
BRDA:39,2,0,0
BRDA:39,2,1,0
BRDA:45,3,0,0
BRDA:45,3,1,0
BRDA:46,4,0,0
BRDA:46,4,1,0
BRDA:55,5,0,0
BRDA:55,5,1,0
BRDA:57,6,0,0
BRDA:57,6,1,0
BRF:14
BRH:0
end_of_record
